CRITICAL - 2022-02-17 03:11:12 --> Call to undefined method CodeIgniter\Database\MySQLi\Result::row()
#0 /var/www/html/ci418/system/CodeIgniter.php(825): App\Controllers\Auth->signup()
#1 /var/www/html/ci418/system/CodeIgniter.php(412): CodeIgniter\CodeIgniter->runController()
#2 /var/www/html/ci418/system/CodeIgniter.php(320): CodeIgniter\CodeIgniter->handleRequest()
#3 /var/www/html/ci418/public/index.php(38): CodeIgniter\CodeIgniter->run()
#4 /var/www/html/ci418/system/Commands/Server/rewrite.php(43): require_once('...')
#5 {main}
CRITICAL - 2022-02-17 03:13:45 --> Undefined property: stdClass::$uname
#0 /var/www/html/ci418/app/Controllers/Auth.php(73): CodeIgniter\Debug\Exceptions->errorHandler()
#1 /var/www/html/ci418/system/CodeIgniter.php(825): App\Controllers\Auth->signup()
#2 /var/www/html/ci418/system/CodeIgniter.php(412): CodeIgniter\CodeIgniter->runController()
#3 /var/www/html/ci418/system/CodeIgniter.php(320): CodeIgniter\CodeIgniter->handleRequest()
#4 /var/www/html/ci418/public/index.php(38): CodeIgniter\CodeIgniter->run()
#5 /var/www/html/ci418/system/Commands/Server/rewrite.php(43): require_once('...')
#6 {main}
CRITICAL - 2022-02-17 03:15:33 --> Undefined property: stdClass::$uname
#0 /var/www/html/ci418/app/Controllers/Auth.php(75): CodeIgniter\Debug\Exceptions->errorHandler()
#1 /var/www/html/ci418/system/CodeIgniter.php(825): App\Controllers\Auth->signup()
#2 /var/www/html/ci418/system/CodeIgniter.php(412): CodeIgniter\CodeIgniter->runController()
#3 /var/www/html/ci418/system/CodeIgniter.php(320): CodeIgniter\CodeIgniter->handleRequest()
#4 /var/www/html/ci418/public/index.php(38): CodeIgniter\CodeIgniter->run()
#5 /var/www/html/ci418/system/Commands/Server/rewrite.php(43): require_once('...')
#6 {main}
CRITICAL - 2022-02-17 03:20:51 --> syntax error, unexpected identifier "error", expecting ")"
#0 /var/www/html/ci418/system/Router/Router.php(175): CodeIgniter\Router\Router->autoRoute()
#1 /var/www/html/ci418/system/CodeIgniter.php(719): CodeIgniter\Router\Router->handle()
#2 /var/www/html/ci418/system/CodeIgniter.php(361): CodeIgniter\CodeIgniter->tryToRouteIt()
#3 /var/www/html/ci418/system/CodeIgniter.php(320): CodeIgniter\CodeIgniter->handleRequest()
#4 /var/www/html/ci418/public/index.php(38): CodeIgniter\CodeIgniter->run()
#5 /var/www/html/ci418/system/Commands/Server/rewrite.php(43): require_once('...')
#6 {main}
CRITICAL - 2022-02-17 03:32:57 --> Undefined variable $name
#0 /var/www/html/ci418/app/Views/templates/header.php(37): CodeIgniter\Debug\Exceptions->errorHandler()
#1 /var/www/html/ci418/system/View/View.php(210): include('...')
#2 /var/www/html/ci418/system/View/View.php(213): CodeIgniter\View\View->CodeIgniter\View\{closure}()
#3 /var/www/html/ci418/system/Common.php(1089): CodeIgniter\View\View->render()
#4 /var/www/html/ci418/app/Controllers/Auth.php(23): view()
#5 /var/www/html/ci418/system/CodeIgniter.php(825): App\Controllers\Auth->index()
#6 /var/www/html/ci418/system/CodeIgniter.php(412): CodeIgniter\CodeIgniter->runController()
#7 /var/www/html/ci418/system/CodeIgniter.php(320): CodeIgniter\CodeIgniter->handleRequest()
#8 /var/www/html/ci418/public/index.php(38): CodeIgniter\CodeIgniter->run()
#9 /var/www/html/ci418/system/Commands/Server/rewrite.php(43): require_once('...')
#10 {main}
CRITICAL - 2022-02-17 05:16:23 --> syntax error, unexpected token "}"
#0 /var/www/html/ci418/system/Router/Router.php(175): CodeIgniter\Router\Router->autoRoute()
#1 /var/www/html/ci418/system/CodeIgniter.php(719): CodeIgniter\Router\Router->handle()
#2 /var/www/html/ci418/system/CodeIgniter.php(361): CodeIgniter\CodeIgniter->tryToRouteIt()
#3 /var/www/html/ci418/system/CodeIgniter.php(320): CodeIgniter\CodeIgniter->handleRequest()
#4 /var/www/html/ci418/public/index.php(38): CodeIgniter\CodeIgniter->run()
#5 /var/www/html/ci418/system/Commands/Server/rewrite.php(43): require_once('...')
#6 {main}
CRITICAL - 2022-02-17 05:16:51 --> Undefined variable $insert_mode
#0 /var/www/html/ci418/app/Views/auth/index.php(3): CodeIgniter\Debug\Exceptions->errorHandler()
#1 /var/www/html/ci418/system/View/View.php(210): include('...')
#2 /var/www/html/ci418/system/View/View.php(213): CodeIgniter\View\View->CodeIgniter\View\{closure}()
#3 /var/www/html/ci418/system/Common.php(1089): CodeIgniter\View\View->render()
#4 /var/www/html/ci418/app/Controllers/Auth.php(24): view()
#5 /var/www/html/ci418/system/CodeIgniter.php(825): App\Controllers\Auth->index()
#6 /var/www/html/ci418/system/CodeIgniter.php(412): CodeIgniter\CodeIgniter->runController()
#7 /var/www/html/ci418/system/CodeIgniter.php(320): CodeIgniter\CodeIgniter->handleRequest()
#8 /var/www/html/ci418/public/index.php(38): CodeIgniter\CodeIgniter->run()
#9 /var/www/html/ci418/system/Commands/Server/rewrite.php(43): require_once('...')
#10 {main}
CRITICAL - 2022-02-17 05:16:53 --> Undefined variable $insert_mode
#0 /var/www/html/ci418/app/Views/auth/index.php(3): CodeIgniter\Debug\Exceptions->errorHandler()
#1 /var/www/html/ci418/system/View/View.php(210): include('...')
#2 /var/www/html/ci418/system/View/View.php(213): CodeIgniter\View\View->CodeIgniter\View\{closure}()
#3 /var/www/html/ci418/system/Common.php(1089): CodeIgniter\View\View->render()
#4 /var/www/html/ci418/app/Controllers/Auth.php(24): view()
#5 /var/www/html/ci418/system/CodeIgniter.php(825): App\Controllers\Auth->index()
#6 /var/www/html/ci418/system/CodeIgniter.php(412): CodeIgniter\CodeIgniter->runController()
#7 /var/www/html/ci418/system/CodeIgniter.php(320): CodeIgniter\CodeIgniter->handleRequest()
#8 /var/www/html/ci418/public/index.php(38): CodeIgniter\CodeIgniter->run()
#9 /var/www/html/ci418/system/Commands/Server/rewrite.php(43): require_once('...')
#10 {main}
CRITICAL - 2022-02-17 05:16:55 --> Undefined variable $insert_mode
#0 /var/www/html/ci418/app/Views/auth/index.php(3): CodeIgniter\Debug\Exceptions->errorHandler()
#1 /var/www/html/ci418/system/View/View.php(210): include('...')
#2 /var/www/html/ci418/system/View/View.php(213): CodeIgniter\View\View->CodeIgniter\View\{closure}()
#3 /var/www/html/ci418/system/Common.php(1089): CodeIgniter\View\View->render()
#4 /var/www/html/ci418/app/Controllers/Auth.php(24): view()
#5 /var/www/html/ci418/system/CodeIgniter.php(825): App\Controllers\Auth->index()
#6 /var/www/html/ci418/system/CodeIgniter.php(412): CodeIgniter\CodeIgniter->runController()
#7 /var/www/html/ci418/system/CodeIgniter.php(320): CodeIgniter\CodeIgniter->handleRequest()
#8 /var/www/html/ci418/public/index.php(38): CodeIgniter\CodeIgniter->run()
#9 /var/www/html/ci418/system/Commands/Server/rewrite.php(43): require_once('...')
#10 {main}
CRITICAL - 2022-02-17 05:21:21 --> Cannot use isset() on the result of an expression (you can use "null !== expression" instead)
#0 [internal function]: CodeIgniter\Debug\Exceptions->shutdownHandler()
#1 {main}
CRITICAL - 2022-02-17 05:21:55 --> Undefined variable $formOption
#0 /var/www/html/ci418/app/Controllers/Auth.php(29): CodeIgniter\Debug\Exceptions->errorHandler()
#1 /var/www/html/ci418/system/CodeIgniter.php(825): App\Controllers\Auth->signup()
#2 /var/www/html/ci418/system/CodeIgniter.php(412): CodeIgniter\CodeIgniter->runController()
#3 /var/www/html/ci418/system/CodeIgniter.php(320): CodeIgniter\CodeIgniter->handleRequest()
#4 /var/www/html/ci418/public/index.php(38): CodeIgniter\CodeIgniter->run()
#5 /var/www/html/ci418/system/Commands/Server/rewrite.php(43): require_once('...')
#6 {main}
CRITICAL - 2022-02-17 05:34:59 --> Undefined variable $db
#0 /var/www/html/ci418/app/Controllers/Auth.php(99): CodeIgniter\Debug\Exceptions->errorHandler()
#1 /var/www/html/ci418/system/CodeIgniter.php(825): App\Controllers\Auth->signin()
#2 /var/www/html/ci418/system/CodeIgniter.php(412): CodeIgniter\CodeIgniter->runController()
#3 /var/www/html/ci418/system/CodeIgniter.php(320): CodeIgniter\CodeIgniter->handleRequest()
#4 /var/www/html/ci418/public/index.php(38): CodeIgniter\CodeIgniter->run()
#5 /var/www/html/ci418/system/Commands/Server/rewrite.php(43): require_once('...')
#6 {main}
ERROR - 2022-02-17 05:40:54 --> Unknown column '$uname' in 'where clause'
CRITICAL - 2022-02-17 05:40:54 --> Unknown column '$uname' in 'where clause'
#0 /var/www/html/ci418/system/Database/MySQLi/Connection.php(292): mysqli->query()
#1 /var/www/html/ci418/system/Database/BaseConnection.php(670): CodeIgniter\Database\MySQLi\Connection->execute()
#2 /var/www/html/ci418/system/Database/BaseConnection.php(598): CodeIgniter\Database\BaseConnection->simpleQuery()
#3 /var/www/html/ci418/app/Controllers/Auth.php(81): CodeIgniter\Database\BaseConnection->query()
#4 /var/www/html/ci418/system/CodeIgniter.php(825): App\Controllers\Auth->signin()
#5 /var/www/html/ci418/system/CodeIgniter.php(412): CodeIgniter\CodeIgniter->runController()
#6 /var/www/html/ci418/system/CodeIgniter.php(320): CodeIgniter\CodeIgniter->handleRequest()
#7 /var/www/html/ci418/public/index.php(38): CodeIgniter\CodeIgniter->run()
#8 /var/www/html/ci418/system/Commands/Server/rewrite.php(43): require_once('...')
#9 {main}
ERROR - 2022-02-17 05:41:28 --> You have an error in your SQL syntax; check the manual that corresponds to your MariaDB server version for the right syntax to use near '>request->getPost("login")' at line 1
CRITICAL - 2022-02-17 05:41:28 --> You have an error in your SQL syntax; check the manual that corresponds to your MariaDB server version for the right syntax to use near '>request->getPost("login")' at line 1
#0 /var/www/html/ci418/system/Database/MySQLi/Connection.php(292): mysqli->query()
#1 /var/www/html/ci418/system/Database/BaseConnection.php(670): CodeIgniter\Database\MySQLi\Connection->execute()
#2 /var/www/html/ci418/system/Database/BaseConnection.php(598): CodeIgniter\Database\BaseConnection->simpleQuery()
#3 /var/www/html/ci418/app/Controllers/Auth.php(81): CodeIgniter\Database\BaseConnection->query()
#4 /var/www/html/ci418/system/CodeIgniter.php(825): App\Controllers\Auth->signin()
#5 /var/www/html/ci418/system/CodeIgniter.php(412): CodeIgniter\CodeIgniter->runController()
#6 /var/www/html/ci418/system/CodeIgniter.php(320): CodeIgniter\CodeIgniter->handleRequest()
#7 /var/www/html/ci418/public/index.php(38): CodeIgniter\CodeIgniter->run()
#8 /var/www/html/ci418/system/Commands/Server/rewrite.php(43): require_once('...')
#9 {main}
CRITICAL - 2022-02-17 05:43:00 --> Unclosed '(' on line 81
#0 /var/www/html/ci418/system/Router/Router.php(175): CodeIgniter\Router\Router->autoRoute()
#1 /var/www/html/ci418/system/CodeIgniter.php(719): CodeIgniter\Router\Router->handle()
#2 /var/www/html/ci418/system/CodeIgniter.php(361): CodeIgniter\CodeIgniter->tryToRouteIt()
#3 /var/www/html/ci418/system/CodeIgniter.php(320): CodeIgniter\CodeIgniter->handleRequest()
#4 /var/www/html/ci418/public/index.php(38): CodeIgniter\CodeIgniter->run()
#5 /var/www/html/ci418/system/Commands/Server/rewrite.php(43): require_once('...')
#6 {main}
ERROR - 2022-02-17 05:43:26 --> Unknown column 'LOGIN' in 'where clause'
CRITICAL - 2022-02-17 05:43:26 --> Unknown column 'LOGIN' in 'where clause'
#0 /var/www/html/ci418/system/Database/MySQLi/Connection.php(292): mysqli->query()
#1 /var/www/html/ci418/system/Database/BaseConnection.php(670): CodeIgniter\Database\MySQLi\Connection->execute()
#2 /var/www/html/ci418/system/Database/BaseConnection.php(598): CodeIgniter\Database\BaseConnection->simpleQuery()
#3 /var/www/html/ci418/app/Controllers/Auth.php(81): CodeIgniter\Database\BaseConnection->query()
#4 /var/www/html/ci418/system/CodeIgniter.php(825): App\Controllers\Auth->signin()
#5 /var/www/html/ci418/system/CodeIgniter.php(412): CodeIgniter\CodeIgniter->runController()
#6 /var/www/html/ci418/system/CodeIgniter.php(320): CodeIgniter\CodeIgniter->handleRequest()
#7 /var/www/html/ci418/public/index.php(38): CodeIgniter\CodeIgniter->run()
#8 /var/www/html/ci418/system/Commands/Server/rewrite.php(43): require_once('...')
#9 {main}
CRITICAL - 2022-02-17 13:20:12 --> md5(): Argument #1 ($string) must be of type string, null given
#0 /var/www/html/ci418/app/Controllers/Auth.php(73): md5()
#1 /var/www/html/ci418/system/CodeIgniter.php(825): App\Controllers\Auth->signin()
#2 /var/www/html/ci418/system/CodeIgniter.php(412): CodeIgniter\CodeIgniter->runController()
#3 /var/www/html/ci418/system/CodeIgniter.php(320): CodeIgniter\CodeIgniter->handleRequest()
#4 /var/www/html/ci418/public/index.php(38): CodeIgniter\CodeIgniter->run()
#5 /var/www/html/ci418/system/Commands/Server/rewrite.php(43): require_once('...')
#6 {main}
CRITICAL - 2022-02-17 13:20:15 --> md5(): Argument #1 ($string) must be of type string, null given
#0 /var/www/html/ci418/app/Controllers/Auth.php(73): md5()
#1 /var/www/html/ci418/system/CodeIgniter.php(825): App\Controllers\Auth->signin()
#2 /var/www/html/ci418/system/CodeIgniter.php(412): CodeIgniter\CodeIgniter->runController()
#3 /var/www/html/ci418/system/CodeIgniter.php(320): CodeIgniter\CodeIgniter->handleRequest()
#4 /var/www/html/ci418/public/index.php(38): CodeIgniter\CodeIgniter->run()
#5 /var/www/html/ci418/system/Commands/Server/rewrite.php(43): require_once('...')
#6 {main}
CRITICAL - 2022-02-17 13:25:20 --> syntax error, unexpected token ";", expecting ")"
#0 /var/www/html/ci418/system/Router/Router.php(175): CodeIgniter\Router\Router->autoRoute()
#1 /var/www/html/ci418/system/CodeIgniter.php(719): CodeIgniter\Router\Router->handle()
#2 /var/www/html/ci418/system/CodeIgniter.php(361): CodeIgniter\CodeIgniter->tryToRouteIt()
#3 /var/www/html/ci418/system/CodeIgniter.php(320): CodeIgniter\CodeIgniter->handleRequest()
#4 /var/www/html/ci418/public/index.php(38): CodeIgniter\CodeIgniter->run()
#5 /var/www/html/ci418/system/Commands/Server/rewrite.php(43): require_once('...')
#6 {main}
CRITICAL - 2022-02-17 13:25:45 --> md5(): Argument #1 ($string) must be of type string, null given
#0 /var/www/html/ci418/app/Controllers/Auth.php(73): md5()
#1 /var/www/html/ci418/system/CodeIgniter.php(825): App\Controllers\Auth->signin()
#2 /var/www/html/ci418/system/CodeIgniter.php(412): CodeIgniter\CodeIgniter->runController()
#3 /var/www/html/ci418/system/CodeIgniter.php(320): CodeIgniter\CodeIgniter->handleRequest()
#4 /var/www/html/ci418/public/index.php(38): CodeIgniter\CodeIgniter->run()
#5 /var/www/html/ci418/system/Commands/Server/rewrite.php(43): require_once('...')
#6 {main}
CRITICAL - 2022-02-17 14:35:26 --> Undefined variable $db
#0 /var/www/html/ci418/app/Controllers/Auth.php(93): CodeIgniter\Debug\Exceptions->errorHandler()
#1 /var/www/html/ci418/system/CodeIgniter.php(825): App\Controllers\Auth->signin()
#2 /var/www/html/ci418/system/CodeIgniter.php(412): CodeIgniter\CodeIgniter->runController()
#3 /var/www/html/ci418/system/CodeIgniter.php(320): CodeIgniter\CodeIgniter->handleRequest()
#4 /var/www/html/ci418/public/index.php(38): CodeIgniter\CodeIgniter->run()
#5 /var/www/html/ci418/system/Commands/Server/rewrite.php(43): require_once('...')
#6 {main}
CRITICAL - 2022-02-17 14:58:02 --> Attempt to read property "passwd" on array
#0 /var/www/html/ci418/app/Controllers/Auth.php(80): CodeIgniter\Debug\Exceptions->errorHandler()
#1 /var/www/html/ci418/system/CodeIgniter.php(825): App\Controllers\Auth->signin()
#2 /var/www/html/ci418/system/CodeIgniter.php(412): CodeIgniter\CodeIgniter->runController()
#3 /var/www/html/ci418/system/CodeIgniter.php(320): CodeIgniter\CodeIgniter->handleRequest()
#4 /var/www/html/ci418/public/index.php(38): CodeIgniter\CodeIgniter->run()
#5 /var/www/html/ci418/system/Commands/Server/rewrite.php(43): require_once('...')
#6 {main}
CRITICAL - 2022-02-17 14:58:30 --> Array callback must have exactly two elements
#0 /var/www/html/ci418/system/CodeIgniter.php(825): App\Controllers\Auth->signin()
#1 /var/www/html/ci418/system/CodeIgniter.php(412): CodeIgniter\CodeIgniter->runController()
#2 /var/www/html/ci418/system/CodeIgniter.php(320): CodeIgniter\CodeIgniter->handleRequest()
#3 /var/www/html/ci418/public/index.php(38): CodeIgniter\CodeIgniter->run()
#4 /var/www/html/ci418/system/Commands/Server/rewrite.php(43): require_once('...')
#5 {main}
CRITICAL - 2022-02-17 14:59:11 --> Attempt to read property "passwd" on array
#0 /var/www/html/ci418/app/Controllers/Auth.php(80): CodeIgniter\Debug\Exceptions->errorHandler()
#1 /var/www/html/ci418/system/CodeIgniter.php(825): App\Controllers\Auth->signin()
#2 /var/www/html/ci418/system/CodeIgniter.php(412): CodeIgniter\CodeIgniter->runController()
#3 /var/www/html/ci418/system/CodeIgniter.php(320): CodeIgniter\CodeIgniter->handleRequest()
#4 /var/www/html/ci418/public/index.php(38): CodeIgniter\CodeIgniter->run()
#5 /var/www/html/ci418/system/Commands/Server/rewrite.php(43): require_once('...')
#6 {main}
CRITICAL - 2022-02-17 15:07:55 --> Undefined variable $session
#0 /var/www/html/ci418/app/Views/templates/header.php(36): CodeIgniter\Debug\Exceptions->errorHandler()
#1 /var/www/html/ci418/system/View/View.php(210): include('...')
#2 /var/www/html/ci418/system/View/View.php(213): CodeIgniter\View\View->CodeIgniter\View\{closure}()
#3 /var/www/html/ci418/system/Common.php(1089): CodeIgniter\View\View->render()
#4 /var/www/html/ci418/app/Controllers/Challenge.php(21): view()
#5 /var/www/html/ci418/system/CodeIgniter.php(825): App\Controllers\Challenge->index()
#6 /var/www/html/ci418/system/CodeIgniter.php(412): CodeIgniter\CodeIgniter->runController()
#7 /var/www/html/ci418/system/CodeIgniter.php(320): CodeIgniter\CodeIgniter->handleRequest()
#8 /var/www/html/ci418/public/index.php(38): CodeIgniter\CodeIgniter->run()
#9 /var/www/html/ci418/system/Commands/Server/rewrite.php(43): require_once('...')
#10 {main}
CRITICAL - 2022-02-17 15:11:16 --> syntax error, unexpected token "<"
#0 /var/www/html/ci418/system/View/View.php(213): CodeIgniter\View\View->CodeIgniter\View\{closure}()
#1 /var/www/html/ci418/system/Common.php(1089): CodeIgniter\View\View->render()
#2 /var/www/html/ci418/app/Controllers/Challenge.php(21): view()
#3 /var/www/html/ci418/system/CodeIgniter.php(825): App\Controllers\Challenge->index()
#4 /var/www/html/ci418/system/CodeIgniter.php(412): CodeIgniter\CodeIgniter->runController()
#5 /var/www/html/ci418/system/CodeIgniter.php(320): CodeIgniter\CodeIgniter->handleRequest()
#6 /var/www/html/ci418/public/index.php(38): CodeIgniter\CodeIgniter->run()
#7 /var/www/html/ci418/system/Commands/Server/rewrite.php(43): require_once('...')
#8 {main}
CRITICAL - 2022-02-17 15:15:04 --> syntax error, unexpected identifier "redirect"
#0 /var/www/html/ci418/system/Router/Router.php(175): CodeIgniter\Router\Router->autoRoute()
#1 /var/www/html/ci418/system/CodeIgniter.php(719): CodeIgniter\Router\Router->handle()
#2 /var/www/html/ci418/system/CodeIgniter.php(361): CodeIgniter\CodeIgniter->tryToRouteIt()
#3 /var/www/html/ci418/system/CodeIgniter.php(320): CodeIgniter\CodeIgniter->handleRequest()
#4 /var/www/html/ci418/public/index.php(38): CodeIgniter\CodeIgniter->run()
#5 /var/www/html/ci418/system/Commands/Server/rewrite.php(43): require_once('...')
#6 {main}
