CRITICAL - 2022-02-18 00:10:33 --> Call to a member function getNumRows() on array
#0 /var/www/html/ci418/system/CodeIgniter.php(825): App\Controllers\Auth->signup()
#1 /var/www/html/ci418/system/CodeIgniter.php(412): CodeIgniter\CodeIgniter->runController()
#2 /var/www/html/ci418/system/CodeIgniter.php(320): CodeIgniter\CodeIgniter->handleRequest()
#3 /var/www/html/ci418/public/index.php(38): CodeIgniter\CodeIgniter->run()
#4 /var/www/html/ci418/system/Commands/Server/rewrite.php(43): require_once('...')
#5 {main}
CRITICAL - 2022-02-18 00:11:15 --> Undefined variable $db
#0 /var/www/html/ci418/app/Controllers/Auth.php(58): CodeIgniter\Debug\Exceptions->errorHandler()
#1 /var/www/html/ci418/system/CodeIgniter.php(825): App\Controllers\Auth->signup()
#2 /var/www/html/ci418/system/CodeIgniter.php(412): CodeIgniter\CodeIgniter->runController()
#3 /var/www/html/ci418/system/CodeIgniter.php(320): CodeIgniter\CodeIgniter->handleRequest()
#4 /var/www/html/ci418/public/index.php(38): CodeIgniter\CodeIgniter->run()
#5 /var/www/html/ci418/system/Commands/Server/rewrite.php(43): require_once('...')
#6 {main}
CRITICAL - 2022-02-18 00:30:09 --> You must supply the parameters: fields, data.
#0 /var/www/html/ci418/system/Validation/Validation.php(291): CodeIgniter\Validation\Rules->required_with()
#1 /var/www/html/ci418/system/Validation/Validation.php(157): CodeIgniter\Validation\Validation->processRules()
#2 /var/www/html/ci418/system/BaseModel.php(1347): CodeIgniter\Validation\Validation->run()
#3 /var/www/html/ci418/system/BaseModel.php(707): CodeIgniter\BaseModel->validate()
#4 /var/www/html/ci418/system/Model.php(625): CodeIgniter\BaseModel->insert()
#5 /var/www/html/ci418/system/BaseModel.php(658): CodeIgniter\Model->insert()
#6 /var/www/html/ci418/app/Controllers/Auth.php(46): CodeIgniter\BaseModel->save()
#7 /var/www/html/ci418/system/CodeIgniter.php(825): App\Controllers\Auth->signup()
#8 /var/www/html/ci418/system/CodeIgniter.php(412): CodeIgniter\CodeIgniter->runController()
#9 /var/www/html/ci418/system/CodeIgniter.php(320): CodeIgniter\CodeIgniter->handleRequest()
#10 /var/www/html/ci418/public/index.php(38): CodeIgniter\CodeIgniter->run()
#11 /var/www/html/ci418/system/Commands/Server/rewrite.php(43): require_once('...')
#12 {main}
CRITICAL - 2022-02-18 00:39:33 -->  is not a valid rule.
#0 /var/www/html/ci418/system/Validation/Validation.php(300): CodeIgniter\Validation\Exceptions\ValidationException::forRuleNotFound()
#1 /var/www/html/ci418/system/Validation/Validation.php(157): CodeIgniter\Validation\Validation->processRules()
#2 /var/www/html/ci418/system/Controller.php(160): CodeIgniter\Validation\Validation->run()
#3 /var/www/html/ci418/app/Controllers/Auth.php(34): CodeIgniter\Controller->validate()
#4 /var/www/html/ci418/system/CodeIgniter.php(825): App\Controllers\Auth->signup()
#5 /var/www/html/ci418/system/CodeIgniter.php(412): CodeIgniter\CodeIgniter->runController()
#6 /var/www/html/ci418/system/CodeIgniter.php(320): CodeIgniter\CodeIgniter->handleRequest()
#7 /var/www/html/ci418/public/index.php(38): CodeIgniter\CodeIgniter->run()
#8 /var/www/html/ci418/system/Commands/Server/rewrite.php(43): require_once('...')
#9 {main}
CRITICAL - 2022-02-18 00:39:58 --> uname is not a valid rule.
#0 /var/www/html/ci418/system/Validation/Validation.php(300): CodeIgniter\Validation\Exceptions\ValidationException::forRuleNotFound()
#1 /var/www/html/ci418/system/Validation/Validation.php(157): CodeIgniter\Validation\Validation->processRules()
#2 /var/www/html/ci418/system/BaseModel.php(1347): CodeIgniter\Validation\Validation->run()
#3 /var/www/html/ci418/system/BaseModel.php(707): CodeIgniter\BaseModel->validate()
#4 /var/www/html/ci418/system/Model.php(625): CodeIgniter\BaseModel->insert()
#5 /var/www/html/ci418/system/BaseModel.php(658): CodeIgniter\Model->insert()
#6 /var/www/html/ci418/app/Controllers/Auth.php(46): CodeIgniter\BaseModel->save()
#7 /var/www/html/ci418/system/CodeIgniter.php(825): App\Controllers\Auth->signup()
#8 /var/www/html/ci418/system/CodeIgniter.php(412): CodeIgniter\CodeIgniter->runController()
#9 /var/www/html/ci418/system/CodeIgniter.php(320): CodeIgniter\CodeIgniter->handleRequest()
#10 /var/www/html/ci418/public/index.php(38): CodeIgniter\CodeIgniter->run()
#11 /var/www/html/ci418/system/Commands/Server/rewrite.php(43): require_once('...')
#12 {main}
CRITICAL - 2022-02-18 00:40:59 --> Allowed fields must be specified for model: App\Models\UserModel
#0 /var/www/html/ci418/system/BaseModel.php(1138): CodeIgniter\Database\Exceptions\DataException::forInvalidAllowedFields()
#1 /var/www/html/ci418/system/BaseModel.php(713): CodeIgniter\BaseModel->doProtectFields()
#2 /var/www/html/ci418/system/Model.php(625): CodeIgniter\BaseModel->insert()
#3 /var/www/html/ci418/system/BaseModel.php(658): CodeIgniter\Model->insert()
#4 /var/www/html/ci418/app/Controllers/Auth.php(46): CodeIgniter\BaseModel->save()
#5 /var/www/html/ci418/system/CodeIgniter.php(825): App\Controllers\Auth->signup()
#6 /var/www/html/ci418/system/CodeIgniter.php(412): CodeIgniter\CodeIgniter->runController()
#7 /var/www/html/ci418/system/CodeIgniter.php(320): CodeIgniter\CodeIgniter->handleRequest()
#8 /var/www/html/ci418/public/index.php(38): CodeIgniter\CodeIgniter->run()
#9 /var/www/html/ci418/system/Commands/Server/rewrite.php(43): require_once('...')
#10 {main}
CRITICAL - 2022-02-18 00:41:21 --> uname is not a valid rule.
#0 /var/www/html/ci418/system/Validation/Validation.php(300): CodeIgniter\Validation\Exceptions\ValidationException::forRuleNotFound()
#1 /var/www/html/ci418/system/Validation/Validation.php(157): CodeIgniter\Validation\Validation->processRules()
#2 /var/www/html/ci418/system/BaseModel.php(1347): CodeIgniter\Validation\Validation->run()
#3 /var/www/html/ci418/system/BaseModel.php(707): CodeIgniter\BaseModel->validate()
#4 /var/www/html/ci418/system/Model.php(625): CodeIgniter\BaseModel->insert()
#5 /var/www/html/ci418/system/BaseModel.php(658): CodeIgniter\Model->insert()
#6 /var/www/html/ci418/app/Controllers/Auth.php(46): CodeIgniter\BaseModel->save()
#7 /var/www/html/ci418/system/CodeIgniter.php(825): App\Controllers\Auth->signup()
#8 /var/www/html/ci418/system/CodeIgniter.php(412): CodeIgniter\CodeIgniter->runController()
#9 /var/www/html/ci418/system/CodeIgniter.php(320): CodeIgniter\CodeIgniter->handleRequest()
#10 /var/www/html/ci418/public/index.php(38): CodeIgniter\CodeIgniter->run()
#11 /var/www/html/ci418/system/Commands/Server/rewrite.php(43): require_once('...')
#12 {main}
CRITICAL - 2022-02-18 00:41:52 --> uname is not a valid rule.
#0 /var/www/html/ci418/system/Validation/Validation.php(300): CodeIgniter\Validation\Exceptions\ValidationException::forRuleNotFound()
#1 /var/www/html/ci418/system/Validation/Validation.php(157): CodeIgniter\Validation\Validation->processRules()
#2 /var/www/html/ci418/system/BaseModel.php(1347): CodeIgniter\Validation\Validation->run()
#3 /var/www/html/ci418/system/BaseModel.php(707): CodeIgniter\BaseModel->validate()
#4 /var/www/html/ci418/system/Model.php(625): CodeIgniter\BaseModel->insert()
#5 /var/www/html/ci418/system/BaseModel.php(658): CodeIgniter\Model->insert()
#6 /var/www/html/ci418/app/Controllers/Auth.php(46): CodeIgniter\BaseModel->save()
#7 /var/www/html/ci418/system/CodeIgniter.php(825): App\Controllers\Auth->signup()
#8 /var/www/html/ci418/system/CodeIgniter.php(412): CodeIgniter\CodeIgniter->runController()
#9 /var/www/html/ci418/system/CodeIgniter.php(320): CodeIgniter\CodeIgniter->handleRequest()
#10 /var/www/html/ci418/public/index.php(38): CodeIgniter\CodeIgniter->run()
#11 /var/www/html/ci418/system/Commands/Server/rewrite.php(43): require_once('...')
#12 {main}
CRITICAL - 2022-02-18 00:43:35 --> uname is not a valid rule.
#0 /var/www/html/ci418/system/Validation/Validation.php(300): CodeIgniter\Validation\Exceptions\ValidationException::forRuleNotFound()
#1 /var/www/html/ci418/system/Validation/Validation.php(157): CodeIgniter\Validation\Validation->processRules()
#2 /var/www/html/ci418/system/BaseModel.php(1347): CodeIgniter\Validation\Validation->run()
#3 /var/www/html/ci418/system/BaseModel.php(707): CodeIgniter\BaseModel->validate()
#4 /var/www/html/ci418/system/Model.php(625): CodeIgniter\BaseModel->insert()
#5 /var/www/html/ci418/system/BaseModel.php(658): CodeIgniter\Model->insert()
#6 /var/www/html/ci418/app/Controllers/Auth.php(46): CodeIgniter\BaseModel->save()
#7 /var/www/html/ci418/system/CodeIgniter.php(825): App\Controllers\Auth->signup()
#8 /var/www/html/ci418/system/CodeIgniter.php(412): CodeIgniter\CodeIgniter->runController()
#9 /var/www/html/ci418/system/CodeIgniter.php(320): CodeIgniter\CodeIgniter->handleRequest()
#10 /var/www/html/ci418/public/index.php(38): CodeIgniter\CodeIgniter->run()
#11 /var/www/html/ci418/system/Commands/Server/rewrite.php(43): require_once('...')
#12 {main}
CRITICAL - 2022-02-18 00:48:02 --> uname is not a valid rule.
#0 /var/www/html/ci418/system/Validation/Validation.php(300): CodeIgniter\Validation\Exceptions\ValidationException::forRuleNotFound()
#1 /var/www/html/ci418/system/Validation/Validation.php(157): CodeIgniter\Validation\Validation->processRules()
#2 /var/www/html/ci418/system/BaseModel.php(1347): CodeIgniter\Validation\Validation->run()
#3 /var/www/html/ci418/system/BaseModel.php(707): CodeIgniter\BaseModel->validate()
#4 /var/www/html/ci418/system/Model.php(625): CodeIgniter\BaseModel->insert()
#5 /var/www/html/ci418/system/BaseModel.php(658): CodeIgniter\Model->insert()
#6 /var/www/html/ci418/app/Controllers/Auth.php(46): CodeIgniter\BaseModel->save()
#7 /var/www/html/ci418/system/CodeIgniter.php(825): App\Controllers\Auth->signup()
#8 /var/www/html/ci418/system/CodeIgniter.php(412): CodeIgniter\CodeIgniter->runController()
#9 /var/www/html/ci418/system/CodeIgniter.php(320): CodeIgniter\CodeIgniter->handleRequest()
#10 /var/www/html/ci418/public/index.php(38): CodeIgniter\CodeIgniter->run()
#11 /var/www/html/ci418/system/Commands/Server/rewrite.php(43): require_once('...')
#12 {main}
CRITICAL - 2022-02-18 00:49:18 --> uname is not a valid rule.
#0 /var/www/html/ci418/system/Validation/Validation.php(300): CodeIgniter\Validation\Exceptions\ValidationException::forRuleNotFound()
#1 /var/www/html/ci418/system/Validation/Validation.php(157): CodeIgniter\Validation\Validation->processRules()
#2 /var/www/html/ci418/system/BaseModel.php(1347): CodeIgniter\Validation\Validation->run()
#3 /var/www/html/ci418/system/BaseModel.php(707): CodeIgniter\BaseModel->validate()
#4 /var/www/html/ci418/system/Model.php(625): CodeIgniter\BaseModel->insert()
#5 /var/www/html/ci418/system/BaseModel.php(658): CodeIgniter\Model->insert()
#6 /var/www/html/ci418/app/Controllers/Auth.php(42): CodeIgniter\BaseModel->save()
#7 /var/www/html/ci418/system/CodeIgniter.php(825): App\Controllers\Auth->signup()
#8 /var/www/html/ci418/system/CodeIgniter.php(412): CodeIgniter\CodeIgniter->runController()
#9 /var/www/html/ci418/system/CodeIgniter.php(320): CodeIgniter\CodeIgniter->handleRequest()
#10 /var/www/html/ci418/public/index.php(38): CodeIgniter\CodeIgniter->run()
#11 /var/www/html/ci418/system/Commands/Server/rewrite.php(43): require_once('...')
#12 {main}
CRITICAL - 2022-02-18 01:14:53 --> Allowed fields must be specified for model: App\Models\UserModel
#0 /var/www/html/ci418/system/BaseModel.php(1138): CodeIgniter\Database\Exceptions\DataException::forInvalidAllowedFields()
#1 /var/www/html/ci418/system/BaseModel.php(713): CodeIgniter\BaseModel->doProtectFields()
#2 /var/www/html/ci418/system/Model.php(625): CodeIgniter\BaseModel->insert()
#3 /var/www/html/ci418/system/BaseModel.php(658): CodeIgniter\Model->insert()
#4 /var/www/html/ci418/app/Controllers/Auth.php(46): CodeIgniter\BaseModel->save()
#5 /var/www/html/ci418/system/CodeIgniter.php(825): App\Controllers\Auth->signup()
#6 /var/www/html/ci418/system/CodeIgniter.php(412): CodeIgniter\CodeIgniter->runController()
#7 /var/www/html/ci418/system/CodeIgniter.php(320): CodeIgniter\CodeIgniter->handleRequest()
#8 /var/www/html/ci418/public/index.php(38): CodeIgniter\CodeIgniter->run()
#9 /var/www/html/ci418/system/Commands/Server/rewrite.php(43): require_once('...')
#10 {main}
CRITICAL - 2022-02-18 01:15:47 --> Allowed fields must be specified for model: App\Models\UserModel
#0 /var/www/html/ci418/system/BaseModel.php(1138): CodeIgniter\Database\Exceptions\DataException::forInvalidAllowedFields()
#1 /var/www/html/ci418/system/BaseModel.php(713): CodeIgniter\BaseModel->doProtectFields()
#2 /var/www/html/ci418/system/Model.php(625): CodeIgniter\BaseModel->insert()
#3 /var/www/html/ci418/system/BaseModel.php(658): CodeIgniter\Model->insert()
#4 /var/www/html/ci418/app/Controllers/Auth.php(46): CodeIgniter\BaseModel->save()
#5 /var/www/html/ci418/system/CodeIgniter.php(825): App\Controllers\Auth->signup()
#6 /var/www/html/ci418/system/CodeIgniter.php(412): CodeIgniter\CodeIgniter->runController()
#7 /var/www/html/ci418/system/CodeIgniter.php(320): CodeIgniter\CodeIgniter->handleRequest()
#8 /var/www/html/ci418/public/index.php(38): CodeIgniter\CodeIgniter->run()
#9 /var/www/html/ci418/system/Commands/Server/rewrite.php(43): require_once('...')
#10 {main}
CRITICAL - 2022-02-18 01:16:18 --> Allowed fields must be specified for model: App\Models\UserModel
#0 /var/www/html/ci418/system/BaseModel.php(1138): CodeIgniter\Database\Exceptions\DataException::forInvalidAllowedFields()
#1 /var/www/html/ci418/system/BaseModel.php(713): CodeIgniter\BaseModel->doProtectFields()
#2 /var/www/html/ci418/system/Model.php(625): CodeIgniter\BaseModel->insert()
#3 /var/www/html/ci418/system/BaseModel.php(658): CodeIgniter\Model->insert()
#4 /var/www/html/ci418/app/Controllers/Auth.php(46): CodeIgniter\BaseModel->save()
#5 /var/www/html/ci418/system/CodeIgniter.php(825): App\Controllers\Auth->signup()
#6 /var/www/html/ci418/system/CodeIgniter.php(412): CodeIgniter\CodeIgniter->runController()
#7 /var/www/html/ci418/system/CodeIgniter.php(320): CodeIgniter\CodeIgniter->handleRequest()
#8 /var/www/html/ci418/public/index.php(38): CodeIgniter\CodeIgniter->run()
#9 /var/www/html/ci418/system/Commands/Server/rewrite.php(43): require_once('...')
#10 {main}
CRITICAL - 2022-02-18 01:16:35 --> Allowed fields must be specified for model: App\Models\UserModel
#0 /var/www/html/ci418/system/BaseModel.php(1138): CodeIgniter\Database\Exceptions\DataException::forInvalidAllowedFields()
#1 /var/www/html/ci418/system/BaseModel.php(713): CodeIgniter\BaseModel->doProtectFields()
#2 /var/www/html/ci418/system/Model.php(625): CodeIgniter\BaseModel->insert()
#3 /var/www/html/ci418/system/BaseModel.php(658): CodeIgniter\Model->insert()
#4 /var/www/html/ci418/app/Controllers/Auth.php(46): CodeIgniter\BaseModel->save()
#5 /var/www/html/ci418/system/CodeIgniter.php(825): App\Controllers\Auth->signup()
#6 /var/www/html/ci418/system/CodeIgniter.php(412): CodeIgniter\CodeIgniter->runController()
#7 /var/www/html/ci418/system/CodeIgniter.php(320): CodeIgniter\CodeIgniter->handleRequest()
#8 /var/www/html/ci418/public/index.php(38): CodeIgniter\CodeIgniter->run()
#9 /var/www/html/ci418/system/Commands/Server/rewrite.php(43): require_once('...')
#10 {main}
CRITICAL - 2022-02-18 01:18:54 --> Allowed fields must be specified for model: App\Models\UserModel
#0 /var/www/html/ci418/system/BaseModel.php(1138): CodeIgniter\Database\Exceptions\DataException::forInvalidAllowedFields()
#1 /var/www/html/ci418/system/BaseModel.php(713): CodeIgniter\BaseModel->doProtectFields()
#2 /var/www/html/ci418/system/Model.php(625): CodeIgniter\BaseModel->insert()
#3 /var/www/html/ci418/system/BaseModel.php(658): CodeIgniter\Model->insert()
#4 /var/www/html/ci418/app/Controllers/Auth.php(42): CodeIgniter\BaseModel->save()
#5 /var/www/html/ci418/system/CodeIgniter.php(825): App\Controllers\Auth->signup()
#6 /var/www/html/ci418/system/CodeIgniter.php(412): CodeIgniter\CodeIgniter->runController()
#7 /var/www/html/ci418/system/CodeIgniter.php(320): CodeIgniter\CodeIgniter->handleRequest()
#8 /var/www/html/ci418/public/index.php(38): CodeIgniter\CodeIgniter->run()
#9 /var/www/html/ci418/system/Commands/Server/rewrite.php(43): require_once('...')
#10 {main}
CRITICAL - 2022-02-18 01:21:25 --> Allowed fields must be specified for model: App\Models\UserModel
#0 /var/www/html/ci418/system/BaseModel.php(1138): CodeIgniter\Database\Exceptions\DataException::forInvalidAllowedFields()
#1 /var/www/html/ci418/system/BaseModel.php(713): CodeIgniter\BaseModel->doProtectFields()
#2 /var/www/html/ci418/system/Model.php(625): CodeIgniter\BaseModel->insert()
#3 /var/www/html/ci418/system/BaseModel.php(658): CodeIgniter\Model->insert()
#4 /var/www/html/ci418/app/Controllers/Auth.php(46): CodeIgniter\BaseModel->save()
#5 /var/www/html/ci418/system/CodeIgniter.php(825): App\Controllers\Auth->signup()
#6 /var/www/html/ci418/system/CodeIgniter.php(412): CodeIgniter\CodeIgniter->runController()
#7 /var/www/html/ci418/system/CodeIgniter.php(320): CodeIgniter\CodeIgniter->handleRequest()
#8 /var/www/html/ci418/public/index.php(38): CodeIgniter\CodeIgniter->run()
#9 /var/www/html/ci418/system/Commands/Server/rewrite.php(43): require_once('...')
#10 {main}
CRITICAL - 2022-02-18 01:24:58 --> syntax error, unexpected single-quoted string "type", expecting "]"
#0 /var/www/html/ci418/system/Autoloader/Autoloader.php(241): CodeIgniter\Autoloader\Autoloader->includeFile()
#1 /var/www/html/ci418/system/Autoloader/Autoloader.php(219): CodeIgniter\Autoloader\Autoloader->loadInNamespace()
#2 /var/www/html/ci418/app/Controllers/Auth.php(68): CodeIgniter\Autoloader\Autoloader->loadClass()
#3 /var/www/html/ci418/system/CodeIgniter.php(825): App\Controllers\Auth->signin()
#4 /var/www/html/ci418/system/CodeIgniter.php(412): CodeIgniter\CodeIgniter->runController()
#5 /var/www/html/ci418/system/CodeIgniter.php(320): CodeIgniter\CodeIgniter->handleRequest()
#6 /var/www/html/ci418/public/index.php(38): CodeIgniter\CodeIgniter->run()
#7 /var/www/html/ci418/system/Commands/Server/rewrite.php(43): require_once('...')
#8 {main}
CRITICAL - 2022-02-18 01:25:57 --> syntax error, unexpected single-quoted string "type", expecting "]"
#0 /var/www/html/ci418/system/Autoloader/Autoloader.php(241): CodeIgniter\Autoloader\Autoloader->includeFile()
#1 /var/www/html/ci418/system/Autoloader/Autoloader.php(219): CodeIgniter\Autoloader\Autoloader->loadInNamespace()
#2 /var/www/html/ci418/app/Controllers/Auth.php(68): CodeIgniter\Autoloader\Autoloader->loadClass()
#3 /var/www/html/ci418/system/CodeIgniter.php(825): App\Controllers\Auth->signin()
#4 /var/www/html/ci418/system/CodeIgniter.php(412): CodeIgniter\CodeIgniter->runController()
#5 /var/www/html/ci418/system/CodeIgniter.php(320): CodeIgniter\CodeIgniter->handleRequest()
#6 /var/www/html/ci418/public/index.php(38): CodeIgniter\CodeIgniter->run()
#7 /var/www/html/ci418/system/Commands/Server/rewrite.php(43): require_once('...')
#8 {main}
CRITICAL - 2022-02-18 01:33:13 --> Allowed fields must be specified for model: App\Models\UserModel
#0 /var/www/html/ci418/system/BaseModel.php(1138): CodeIgniter\Database\Exceptions\DataException::forInvalidAllowedFields()
#1 /var/www/html/ci418/system/BaseModel.php(713): CodeIgniter\BaseModel->doProtectFields()
#2 /var/www/html/ci418/system/Model.php(625): CodeIgniter\BaseModel->insert()
#3 /var/www/html/ci418/system/BaseModel.php(658): CodeIgniter\Model->insert()
#4 /var/www/html/ci418/app/Controllers/Auth.php(49): CodeIgniter\BaseModel->save()
#5 /var/www/html/ci418/system/CodeIgniter.php(825): App\Controllers\Auth->signup()
#6 /var/www/html/ci418/system/CodeIgniter.php(412): CodeIgniter\CodeIgniter->runController()
#7 /var/www/html/ci418/system/CodeIgniter.php(320): CodeIgniter\CodeIgniter->handleRequest()
#8 /var/www/html/ci418/public/index.php(38): CodeIgniter\CodeIgniter->run()
#9 /var/www/html/ci418/system/Commands/Server/rewrite.php(43): require_once('...')
#10 {main}
CRITICAL - 2022-02-18 01:35:50 --> type is not a valid rule.
#0 /var/www/html/ci418/system/Validation/Validation.php(300): CodeIgniter\Validation\Exceptions\ValidationException::forRuleNotFound()
#1 /var/www/html/ci418/system/Validation/Validation.php(157): CodeIgniter\Validation\Validation->processRules()
#2 /var/www/html/ci418/system/BaseModel.php(1347): CodeIgniter\Validation\Validation->run()
#3 /var/www/html/ci418/system/BaseModel.php(707): CodeIgniter\BaseModel->validate()
#4 /var/www/html/ci418/system/Model.php(625): CodeIgniter\BaseModel->insert()
#5 /var/www/html/ci418/system/BaseModel.php(658): CodeIgniter\Model->insert()
#6 /var/www/html/ci418/app/Controllers/Auth.php(49): CodeIgniter\BaseModel->save()
#7 /var/www/html/ci418/system/CodeIgniter.php(825): App\Controllers\Auth->signup()
#8 /var/www/html/ci418/system/CodeIgniter.php(412): CodeIgniter\CodeIgniter->runController()
#9 /var/www/html/ci418/system/CodeIgniter.php(320): CodeIgniter\CodeIgniter->handleRequest()
#10 /var/www/html/ci418/public/index.php(38): CodeIgniter\CodeIgniter->run()
#11 /var/www/html/ci418/system/Commands/Server/rewrite.php(43): require_once('...')
#12 {main}
CRITICAL - 2022-02-18 01:36:08 --> status is not a valid rule.
#0 /var/www/html/ci418/system/Validation/Validation.php(300): CodeIgniter\Validation\Exceptions\ValidationException::forRuleNotFound()
#1 /var/www/html/ci418/system/Validation/Validation.php(157): CodeIgniter\Validation\Validation->processRules()
#2 /var/www/html/ci418/system/BaseModel.php(1347): CodeIgniter\Validation\Validation->run()
#3 /var/www/html/ci418/system/BaseModel.php(707): CodeIgniter\BaseModel->validate()
#4 /var/www/html/ci418/system/Model.php(625): CodeIgniter\BaseModel->insert()
#5 /var/www/html/ci418/system/BaseModel.php(658): CodeIgniter\Model->insert()
#6 /var/www/html/ci418/app/Controllers/Auth.php(49): CodeIgniter\BaseModel->save()
#7 /var/www/html/ci418/system/CodeIgniter.php(825): App\Controllers\Auth->signup()
#8 /var/www/html/ci418/system/CodeIgniter.php(412): CodeIgniter\CodeIgniter->runController()
#9 /var/www/html/ci418/system/CodeIgniter.php(320): CodeIgniter\CodeIgniter->handleRequest()
#10 /var/www/html/ci418/public/index.php(38): CodeIgniter\CodeIgniter->run()
#11 /var/www/html/ci418/system/Commands/Server/rewrite.php(43): require_once('...')
#12 {main}
CRITICAL - 2022-02-18 01:36:50 --> Allowed fields must be specified for model: App\Models\UserModel
#0 /var/www/html/ci418/system/BaseModel.php(1138): CodeIgniter\Database\Exceptions\DataException::forInvalidAllowedFields()
#1 /var/www/html/ci418/system/BaseModel.php(713): CodeIgniter\BaseModel->doProtectFields()
#2 /var/www/html/ci418/system/Model.php(625): CodeIgniter\BaseModel->insert()
#3 /var/www/html/ci418/system/BaseModel.php(658): CodeIgniter\Model->insert()
#4 /var/www/html/ci418/app/Controllers/Auth.php(49): CodeIgniter\BaseModel->save()
#5 /var/www/html/ci418/system/CodeIgniter.php(825): App\Controllers\Auth->signup()
#6 /var/www/html/ci418/system/CodeIgniter.php(412): CodeIgniter\CodeIgniter->runController()
#7 /var/www/html/ci418/system/CodeIgniter.php(320): CodeIgniter\CodeIgniter->handleRequest()
#8 /var/www/html/ci418/public/index.php(38): CodeIgniter\CodeIgniter->run()
#9 /var/www/html/ci418/system/Commands/Server/rewrite.php(43): require_once('...')
#10 {main}
CRITICAL - 2022-02-18 01:37:20 -->  is not a valid rule.
#0 /var/www/html/ci418/system/Validation/Validation.php(300): CodeIgniter\Validation\Exceptions\ValidationException::forRuleNotFound()
#1 /var/www/html/ci418/system/Validation/Validation.php(157): CodeIgniter\Validation\Validation->processRules()
#2 /var/www/html/ci418/system/BaseModel.php(1347): CodeIgniter\Validation\Validation->run()
#3 /var/www/html/ci418/system/BaseModel.php(707): CodeIgniter\BaseModel->validate()
#4 /var/www/html/ci418/system/Model.php(625): CodeIgniter\BaseModel->insert()
#5 /var/www/html/ci418/system/BaseModel.php(658): CodeIgniter\Model->insert()
#6 /var/www/html/ci418/app/Controllers/Auth.php(49): CodeIgniter\BaseModel->save()
#7 /var/www/html/ci418/system/CodeIgniter.php(825): App\Controllers\Auth->signup()
#8 /var/www/html/ci418/system/CodeIgniter.php(412): CodeIgniter\CodeIgniter->runController()
#9 /var/www/html/ci418/system/CodeIgniter.php(320): CodeIgniter\CodeIgniter->handleRequest()
#10 /var/www/html/ci418/public/index.php(38): CodeIgniter\CodeIgniter->run()
#11 /var/www/html/ci418/system/Commands/Server/rewrite.php(43): require_once('...')
#12 {main}
CRITICAL - 2022-02-18 01:37:36 --> Allowed fields must be specified for model: App\Models\UserModel
#0 /var/www/html/ci418/system/BaseModel.php(1138): CodeIgniter\Database\Exceptions\DataException::forInvalidAllowedFields()
#1 /var/www/html/ci418/system/BaseModel.php(713): CodeIgniter\BaseModel->doProtectFields()
#2 /var/www/html/ci418/system/Model.php(625): CodeIgniter\BaseModel->insert()
#3 /var/www/html/ci418/system/BaseModel.php(658): CodeIgniter\Model->insert()
#4 /var/www/html/ci418/app/Controllers/Auth.php(49): CodeIgniter\BaseModel->save()
#5 /var/www/html/ci418/system/CodeIgniter.php(825): App\Controllers\Auth->signup()
#6 /var/www/html/ci418/system/CodeIgniter.php(412): CodeIgniter\CodeIgniter->runController()
#7 /var/www/html/ci418/system/CodeIgniter.php(320): CodeIgniter\CodeIgniter->handleRequest()
#8 /var/www/html/ci418/public/index.php(38): CodeIgniter\CodeIgniter->run()
#9 /var/www/html/ci418/system/Commands/Server/rewrite.php(43): require_once('...')
#10 {main}
CRITICAL - 2022-02-18 02:29:23 --> Undefined variable $class
#0 /var/www/html/ci418/app/Controllers/Auth.php(35): CodeIgniter\Debug\Exceptions->errorHandler()
#1 /var/www/html/ci418/system/CodeIgniter.php(825): App\Controllers\Auth->signup()
#2 /var/www/html/ci418/system/CodeIgniter.php(412): CodeIgniter\CodeIgniter->runController()
#3 /var/www/html/ci418/system/CodeIgniter.php(320): CodeIgniter\CodeIgniter->handleRequest()
#4 /var/www/html/ci418/public/index.php(38): CodeIgniter\CodeIgniter->run()
#5 /var/www/html/ci418/system/Commands/Server/rewrite.php(43): require_once('...')
#6 {main}
CRITICAL - 2022-02-18 02:30:40 --> uniqid(): Argument #2 ($more_entropy) must be of type bool, int given
#0 /var/www/html/ci418/app/Controllers/Auth.php(35): uniqid()
#1 /var/www/html/ci418/system/CodeIgniter.php(825): App\Controllers\Auth->signup()
#2 /var/www/html/ci418/system/CodeIgniter.php(412): CodeIgniter\CodeIgniter->runController()
#3 /var/www/html/ci418/system/CodeIgniter.php(320): CodeIgniter\CodeIgniter->handleRequest()
#4 /var/www/html/ci418/public/index.php(38): CodeIgniter\CodeIgniter->run()
#5 /var/www/html/ci418/system/Commands/Server/rewrite.php(43): require_once('...')
#6 {main}
CRITICAL - 2022-02-18 02:31:17 --> uniqid(): Argument #2 ($more_entropy) must be of type bool, int given
#0 /var/www/html/ci418/app/Controllers/Auth.php(36): uniqid()
#1 /var/www/html/ci418/system/CodeIgniter.php(825): App\Controllers\Auth->signup()
#2 /var/www/html/ci418/system/CodeIgniter.php(412): CodeIgniter\CodeIgniter->runController()
#3 /var/www/html/ci418/system/CodeIgniter.php(320): CodeIgniter\CodeIgniter->handleRequest()
#4 /var/www/html/ci418/public/index.php(38): CodeIgniter\CodeIgniter->run()
#5 /var/www/html/ci418/system/Commands/Server/rewrite.php(43): require_once('...')
#6 {main}
CRITICAL - 2022-02-18 02:31:48 --> crypt(): Argument #2 ($salt) must be of type string, int given
#0 /var/www/html/ci418/app/Controllers/Auth.php(36): crypt()
#1 /var/www/html/ci418/system/CodeIgniter.php(825): App\Controllers\Auth->signup()
#2 /var/www/html/ci418/system/CodeIgniter.php(412): CodeIgniter\CodeIgniter->runController()
#3 /var/www/html/ci418/system/CodeIgniter.php(320): CodeIgniter\CodeIgniter->handleRequest()
#4 /var/www/html/ci418/public/index.php(38): CodeIgniter\CodeIgniter->run()
#5 /var/www/html/ci418/system/Commands/Server/rewrite.php(43): require_once('...')
#6 {main}
CRITICAL - 2022-02-18 02:32:26 --> md5(): Argument #2 ($binary) must be of type bool, int given
#0 /var/www/html/ci418/app/Controllers/Auth.php(36): md5()
#1 /var/www/html/ci418/system/CodeIgniter.php(825): App\Controllers\Auth->signup()
#2 /var/www/html/ci418/system/CodeIgniter.php(412): CodeIgniter\CodeIgniter->runController()
#3 /var/www/html/ci418/system/CodeIgniter.php(320): CodeIgniter\CodeIgniter->handleRequest()
#4 /var/www/html/ci418/public/index.php(38): CodeIgniter\CodeIgniter->run()
#5 /var/www/html/ci418/system/Commands/Server/rewrite.php(43): require_once('...')
#6 {main}
CRITICAL - 2022-02-18 02:47:25 --> uniqid(): Argument #2 ($more_entropy) must be of type bool, int given
#0 /var/www/html/ci418/app/Controllers/Auth.php(36): uniqid()
#1 /var/www/html/ci418/system/CodeIgniter.php(825): App\Controllers\Auth->signup()
#2 /var/www/html/ci418/system/CodeIgniter.php(412): CodeIgniter\CodeIgniter->runController()
#3 /var/www/html/ci418/system/CodeIgniter.php(320): CodeIgniter\CodeIgniter->handleRequest()
#4 /var/www/html/ci418/public/index.php(38): CodeIgniter\CodeIgniter->run()
#5 /var/www/html/ci418/system/Commands/Server/rewrite.php(43): require_once('...')
#6 {main}
CRITICAL - 2022-02-18 02:51:26 --> rand() expects exactly 2 arguments, 1 given
#0 /var/www/html/ci418/app/Controllers/Auth.php(34): rand()
#1 /var/www/html/ci418/system/CodeIgniter.php(825): App\Controllers\Auth->signup()
#2 /var/www/html/ci418/system/CodeIgniter.php(412): CodeIgniter\CodeIgniter->runController()
#3 /var/www/html/ci418/system/CodeIgniter.php(320): CodeIgniter\CodeIgniter->handleRequest()
#4 /var/www/html/ci418/public/index.php(38): CodeIgniter\CodeIgniter->run()
#5 /var/www/html/ci418/system/Commands/Server/rewrite.php(43): require_once('...')
#6 {main}
CRITICAL - 2022-02-18 02:51:43 --> rand(): Argument #1 ($min) must be of type int, string given
#0 /var/www/html/ci418/app/Controllers/Auth.php(34): rand()
#1 /var/www/html/ci418/system/CodeIgniter.php(825): App\Controllers\Auth->signup()
#2 /var/www/html/ci418/system/CodeIgniter.php(412): CodeIgniter\CodeIgniter->runController()
#3 /var/www/html/ci418/system/CodeIgniter.php(320): CodeIgniter\CodeIgniter->handleRequest()
#4 /var/www/html/ci418/public/index.php(38): CodeIgniter\CodeIgniter->run()
#5 /var/www/html/ci418/system/Commands/Server/rewrite.php(43): require_once('...')
#6 {main}
CRITICAL - 2022-02-18 02:52:03 --> rand(): Argument #2 ($max) must be of type int, string given
#0 /var/www/html/ci418/app/Controllers/Auth.php(34): rand()
#1 /var/www/html/ci418/system/CodeIgniter.php(825): App\Controllers\Auth->signup()
#2 /var/www/html/ci418/system/CodeIgniter.php(412): CodeIgniter\CodeIgniter->runController()
#3 /var/www/html/ci418/system/CodeIgniter.php(320): CodeIgniter\CodeIgniter->handleRequest()
#4 /var/www/html/ci418/public/index.php(38): CodeIgniter\CodeIgniter->run()
#5 /var/www/html/ci418/system/Commands/Server/rewrite.php(43): require_once('...')
#6 {main}
CRITICAL - 2022-02-18 02:52:22 --> Undefined property: App\Controllers\Auth::$input
#0 /var/www/html/ci418/app/Controllers/Auth.php(76): CodeIgniter\Debug\Exceptions->errorHandler()
#1 /var/www/html/ci418/system/CodeIgniter.php(825): App\Controllers\Auth->signup()
#2 /var/www/html/ci418/system/CodeIgniter.php(412): CodeIgniter\CodeIgniter->runController()
#3 /var/www/html/ci418/system/CodeIgniter.php(320): CodeIgniter\CodeIgniter->handleRequest()
#4 /var/www/html/ci418/public/index.php(38): CodeIgniter\CodeIgniter->run()
#5 /var/www/html/ci418/system/Commands/Server/rewrite.php(43): require_once('...')
#6 {main}
CRITICAL - 2022-02-18 03:00:40 --> Undefined property: App\Controllers\Auth::$session
#0 /var/www/html/ci418/app/Controllers/Auth.php(86): CodeIgniter\Debug\Exceptions->errorHandler()
#1 /var/www/html/ci418/system/CodeIgniter.php(825): App\Controllers\Auth->signup()
#2 /var/www/html/ci418/system/CodeIgniter.php(412): CodeIgniter\CodeIgniter->runController()
#3 /var/www/html/ci418/system/CodeIgniter.php(320): CodeIgniter\CodeIgniter->handleRequest()
#4 /var/www/html/ci418/public/index.php(38): CodeIgniter\CodeIgniter->run()
#5 /var/www/html/ci418/system/Commands/Server/rewrite.php(43): require_once('...')
#6 {main}
ERROR - 2022-02-18 03:14:32 --> Email: sendWithSmtp throwed stream_socket_enable_crypto(): SSL/TLS already set-up for this stream
CRITICAL - 2022-02-18 20:12:54 --> Undefined array key "SERVER_ADDR"
#0 /var/www/html/ci418/app/Controllers/Auth.php(77): CodeIgniter\Debug\Exceptions->errorHandler()
#1 /var/www/html/ci418/system/CodeIgniter.php(825): App\Controllers\Auth->signup()
#2 /var/www/html/ci418/system/CodeIgniter.php(412): CodeIgniter\CodeIgniter->runController()
#3 /var/www/html/ci418/system/CodeIgniter.php(320): CodeIgniter\CodeIgniter->handleRequest()
#4 /var/www/html/ci418/public/index.php(38): CodeIgniter\CodeIgniter->run()
#5 /var/www/html/ci418/system/Commands/Server/rewrite.php(43): require_once('...')
#6 {main}
CRITICAL - 2022-02-18 20:13:41 --> syntax error, unexpected token ".", expecting ")"
#0 /var/www/html/ci418/system/Router/Router.php(175): CodeIgniter\Router\Router->autoRoute()
#1 /var/www/html/ci418/system/CodeIgniter.php(719): CodeIgniter\Router\Router->handle()
#2 /var/www/html/ci418/system/CodeIgniter.php(361): CodeIgniter\CodeIgniter->tryToRouteIt()
#3 /var/www/html/ci418/system/CodeIgniter.php(320): CodeIgniter\CodeIgniter->handleRequest()
#4 /var/www/html/ci418/public/index.php(38): CodeIgniter\CodeIgniter->run()
#5 /var/www/html/ci418/system/Commands/Server/rewrite.php(43): require_once('...')
#6 {main}
CRITICAL - 2022-02-18 20:14:57 --> Undefined array key "SERVER_ADDR"
#0 /var/www/html/ci418/app/Controllers/Auth.php(77): CodeIgniter\Debug\Exceptions->errorHandler()
#1 /var/www/html/ci418/system/CodeIgniter.php(825): App\Controllers\Auth->signup()
#2 /var/www/html/ci418/system/CodeIgniter.php(412): CodeIgniter\CodeIgniter->runController()
#3 /var/www/html/ci418/system/CodeIgniter.php(320): CodeIgniter\CodeIgniter->handleRequest()
#4 /var/www/html/ci418/public/index.php(38): CodeIgniter\CodeIgniter->run()
#5 /var/www/html/ci418/system/Commands/Server/rewrite.php(43): require_once('...')
#6 {main}
CRITICAL - 2022-02-18 20:16:16 --> Undefined array key "SERVER_ADDR"
#0 /var/www/html/ci418/app/Controllers/Auth.php(57): CodeIgniter\Debug\Exceptions->errorHandler()
#1 /var/www/html/ci418/system/CodeIgniter.php(825): App\Controllers\Auth->signup()
#2 /var/www/html/ci418/system/CodeIgniter.php(412): CodeIgniter\CodeIgniter->runController()
#3 /var/www/html/ci418/system/CodeIgniter.php(320): CodeIgniter\CodeIgniter->handleRequest()
#4 /var/www/html/ci418/public/index.php(38): CodeIgniter\CodeIgniter->run()
#5 /var/www/html/ci418/system/Commands/Server/rewrite.php(43): require_once('...')
#6 {main}
CRITICAL - 2022-02-18 20:18:18 --> syntax error, unexpected token "(", expecting ":"
#0 /var/www/html/ci418/system/Router/Router.php(175): CodeIgniter\Router\Router->autoRoute()
#1 /var/www/html/ci418/system/CodeIgniter.php(719): CodeIgniter\Router\Router->handle()
#2 /var/www/html/ci418/system/CodeIgniter.php(361): CodeIgniter\CodeIgniter->tryToRouteIt()
#3 /var/www/html/ci418/system/CodeIgniter.php(320): CodeIgniter\CodeIgniter->handleRequest()
#4 /var/www/html/ci418/public/index.php(38): CodeIgniter\CodeIgniter->run()
#5 /var/www/html/ci418/system/Commands/Server/rewrite.php(43): require_once('...')
#6 {main}
CRITICAL - 2022-02-18 20:18:52 --> syntax error, unexpected token "(", expecting ":"
#0 /var/www/html/ci418/system/Router/Router.php(175): CodeIgniter\Router\Router->autoRoute()
#1 /var/www/html/ci418/system/CodeIgniter.php(719): CodeIgniter\Router\Router->handle()
#2 /var/www/html/ci418/system/CodeIgniter.php(361): CodeIgniter\CodeIgniter->tryToRouteIt()
#3 /var/www/html/ci418/system/CodeIgniter.php(320): CodeIgniter\CodeIgniter->handleRequest()
#4 /var/www/html/ci418/public/index.php(38): CodeIgniter\CodeIgniter->run()
#5 /var/www/html/ci418/system/Commands/Server/rewrite.php(43): require_once('...')
#6 {main}
CRITICAL - 2022-02-18 20:19:15 --> syntax error, unexpected variable "$_SERVER", expecting ":"
#0 /var/www/html/ci418/system/Router/Router.php(175): CodeIgniter\Router\Router->autoRoute()
#1 /var/www/html/ci418/system/CodeIgniter.php(719): CodeIgniter\Router\Router->handle()
#2 /var/www/html/ci418/system/CodeIgniter.php(361): CodeIgniter\CodeIgniter->tryToRouteIt()
#3 /var/www/html/ci418/system/CodeIgniter.php(320): CodeIgniter\CodeIgniter->handleRequest()
#4 /var/www/html/ci418/public/index.php(38): CodeIgniter\CodeIgniter->run()
#5 /var/www/html/ci418/system/Commands/Server/rewrite.php(43): require_once('...')
#6 {main}
CRITICAL - 2022-02-18 20:21:40 --> Undefined array key "SERVER_ADDR"
#0 /var/www/html/ci418/app/Controllers/Auth.php(77): CodeIgniter\Debug\Exceptions->errorHandler()
#1 /var/www/html/ci418/system/CodeIgniter.php(825): App\Controllers\Auth->signup()
#2 /var/www/html/ci418/system/CodeIgniter.php(412): CodeIgniter\CodeIgniter->runController()
#3 /var/www/html/ci418/system/CodeIgniter.php(320): CodeIgniter\CodeIgniter->handleRequest()
#4 /var/www/html/ci418/public/index.php(38): CodeIgniter\CodeIgniter->run()
#5 /var/www/html/ci418/system/Commands/Server/rewrite.php(43): require_once('...')
#6 {main}
CRITICAL - 2022-02-18 20:24:10 --> Call to undefined function App\Controllers\getIPAddress()
#0 /var/www/html/ci418/system/CodeIgniter.php(825): App\Controllers\Auth->signup()
#1 /var/www/html/ci418/system/CodeIgniter.php(412): CodeIgniter\CodeIgniter->runController()
#2 /var/www/html/ci418/system/CodeIgniter.php(320): CodeIgniter\CodeIgniter->handleRequest()
#3 /var/www/html/ci418/public/index.php(38): CodeIgniter\CodeIgniter->run()
#4 /var/www/html/ci418/system/Commands/Server/rewrite.php(43): require_once('...')
#5 {main}
CRITICAL - 2022-02-18 20:25:32 --> Undefined variable $request
#0 /var/www/html/ci418/app/Controllers/Auth.php(77): CodeIgniter\Debug\Exceptions->errorHandler()
#1 /var/www/html/ci418/system/CodeIgniter.php(825): App\Controllers\Auth->signup()
#2 /var/www/html/ci418/system/CodeIgniter.php(412): CodeIgniter\CodeIgniter->runController()
#3 /var/www/html/ci418/system/CodeIgniter.php(320): CodeIgniter\CodeIgniter->handleRequest()
#4 /var/www/html/ci418/public/index.php(38): CodeIgniter\CodeIgniter->run()
#5 /var/www/html/ci418/system/Commands/Server/rewrite.php(43): require_once('...')
#6 {main}
CRITICAL - 2022-02-18 20:29:22 --> Undefined property: App\Controllers\Auth::$input
#0 /var/www/html/ci418/app/Controllers/Auth.php(77): CodeIgniter\Debug\Exceptions->errorHandler()
#1 /var/www/html/ci418/system/CodeIgniter.php(825): App\Controllers\Auth->signup()
#2 /var/www/html/ci418/system/CodeIgniter.php(412): CodeIgniter\CodeIgniter->runController()
#3 /var/www/html/ci418/system/CodeIgniter.php(320): CodeIgniter\CodeIgniter->handleRequest()
#4 /var/www/html/ci418/public/index.php(38): CodeIgniter\CodeIgniter->run()
#5 /var/www/html/ci418/system/Commands/Server/rewrite.php(43): require_once('...')
#6 {main}
ERROR - 2022-02-18 21:13:07 --> Email: sendWithSmtp throwed fsockopen(): SSL operation failed with code 1. OpenSSL Error messages:
error:0A00010B:SSL routines::wrong version number
ERROR - 2022-02-18 21:13:38 --> Email: sendWithSmtp throwed fsockopen(): SSL operation failed with code 1. OpenSSL Error messages:
error:0A00010B:SSL routines::wrong version number
ERROR - 2022-02-18 21:22:33 --> Email: sendWithSmtp throwed fsockopen(): SSL operation failed with code 1. OpenSSL Error messages:
error:0A00010B:SSL routines::wrong version number
ERROR - 2022-02-18 21:34:35 --> Email: sendWithSmtp throwed fsockopen(): SSL operation failed with code 1. OpenSSL Error messages:
error:0A00010B:SSL routines::wrong version number
CRITICAL - 2022-02-18 21:50:59 --> htmlspecialchars(): Argument #1 ($string) must be of type string, null given
#0 /var/www/html/ci418/app/Controllers/Auth.php(106): htmlspecialchars()
#1 /var/www/html/ci418/system/CodeIgniter.php(825): App\Controllers\Auth->verifySign()
#2 /var/www/html/ci418/system/CodeIgniter.php(412): CodeIgniter\CodeIgniter->runController()
#3 /var/www/html/ci418/system/CodeIgniter.php(320): CodeIgniter\CodeIgniter->handleRequest()
#4 /var/www/html/ci418/public/index.php(38): CodeIgniter\CodeIgniter->run()
#5 /var/www/html/ci418/system/Commands/Server/rewrite.php(43): require_once('...')
#6 {main}
CRITICAL - 2022-02-18 21:51:35 --> htmlspecialchars(): Argument #1 ($string) must be of type string, null given
#0 /var/www/html/ci418/app/Controllers/Auth.php(106): htmlspecialchars()
#1 /var/www/html/ci418/system/CodeIgniter.php(825): App\Controllers\Auth->verifySign()
#2 /var/www/html/ci418/system/CodeIgniter.php(412): CodeIgniter\CodeIgniter->runController()
#3 /var/www/html/ci418/system/CodeIgniter.php(320): CodeIgniter\CodeIgniter->handleRequest()
#4 /var/www/html/ci418/public/index.php(38): CodeIgniter\CodeIgniter->run()
#5 /var/www/html/ci418/system/Commands/Server/rewrite.php(43): require_once('...')
#6 {main}
CRITICAL - 2022-02-18 21:52:03 --> trim(): Argument #1 ($string) must be of type string, null given
#0 /var/www/html/ci418/app/Controllers/Auth.php(106): trim()
#1 /var/www/html/ci418/system/CodeIgniter.php(825): App\Controllers\Auth->verifySign()
#2 /var/www/html/ci418/system/CodeIgniter.php(412): CodeIgniter\CodeIgniter->runController()
#3 /var/www/html/ci418/system/CodeIgniter.php(320): CodeIgniter\CodeIgniter->handleRequest()
#4 /var/www/html/ci418/public/index.php(38): CodeIgniter\CodeIgniter->run()
#5 /var/www/html/ci418/system/Commands/Server/rewrite.php(43): require_once('...')
#6 {main}
ERROR - 2022-02-18 22:07:53 --> Unknown column 'slat' in 'where clause'
CRITICAL - 2022-02-18 22:07:53 --> Unknown column 'slat' in 'where clause'
#0 /var/www/html/ci418/system/Database/MySQLi/Connection.php(292): mysqli->query()
#1 /var/www/html/ci418/system/Database/BaseConnection.php(670): CodeIgniter\Database\MySQLi\Connection->execute()
#2 /var/www/html/ci418/system/Database/BaseConnection.php(598): CodeIgniter\Database\BaseConnection->simpleQuery()
#3 /var/www/html/ci418/app/Controllers/Auth.php(112): CodeIgniter\Database\BaseConnection->query()
#4 /var/www/html/ci418/system/CodeIgniter.php(825): App\Controllers\Auth->verifySign()
#5 /var/www/html/ci418/system/CodeIgniter.php(412): CodeIgniter\CodeIgniter->runController()
#6 /var/www/html/ci418/system/CodeIgniter.php(320): CodeIgniter\CodeIgniter->handleRequest()
#7 /var/www/html/ci418/public/index.php(38): CodeIgniter\CodeIgniter->run()
#8 /var/www/html/ci418/system/Commands/Server/rewrite.php(43): require_once('...')
#9 {main}
CRITICAL - 2022-02-18 22:09:07 --> Undefined variable $userModel
#0 /var/www/html/ci418/app/Controllers/Auth.php(114): CodeIgniter\Debug\Exceptions->errorHandler()
#1 /var/www/html/ci418/system/CodeIgniter.php(825): App\Controllers\Auth->verifySign()
#2 /var/www/html/ci418/system/CodeIgniter.php(412): CodeIgniter\CodeIgniter->runController()
#3 /var/www/html/ci418/system/CodeIgniter.php(320): CodeIgniter\CodeIgniter->handleRequest()
#4 /var/www/html/ci418/public/index.php(38): CodeIgniter\CodeIgniter->run()
#5 /var/www/html/ci418/system/Commands/Server/rewrite.php(43): require_once('...')
#6 {main}
CRITICAL - 2022-02-18 22:09:50 --> There is no data to update.
#0 /var/www/html/ci418/system/BaseModel.php(1574): CodeIgniter\Database\Exceptions\DataException::forEmptyDataset()
#1 /var/www/html/ci418/system/BaseModel.php(832): CodeIgniter\BaseModel->transformDataToArray()
#2 /var/www/html/ci418/system/Model.php(651): CodeIgniter\BaseModel->update()
#3 /var/www/html/ci418/app/Controllers/Auth.php(114): CodeIgniter\Model->update()
#4 /var/www/html/ci418/system/CodeIgniter.php(825): App\Controllers\Auth->verifySign()
#5 /var/www/html/ci418/system/CodeIgniter.php(412): CodeIgniter\CodeIgniter->runController()
#6 /var/www/html/ci418/system/CodeIgniter.php(320): CodeIgniter\CodeIgniter->handleRequest()
#7 /var/www/html/ci418/public/index.php(38): CodeIgniter\CodeIgniter->run()
#8 /var/www/html/ci418/system/Commands/Server/rewrite.php(43): require_once('...')
#9 {main}
CRITICAL - 2022-02-18 22:10:52 --> There is no data to update.
#0 /var/www/html/ci418/system/BaseModel.php(1574): CodeIgniter\Database\Exceptions\DataException::forEmptyDataset()
#1 /var/www/html/ci418/system/BaseModel.php(832): CodeIgniter\BaseModel->transformDataToArray()
#2 /var/www/html/ci418/system/Model.php(651): CodeIgniter\BaseModel->update()
#3 /var/www/html/ci418/app/Controllers/Auth.php(114): CodeIgniter\Model->update()
#4 /var/www/html/ci418/system/CodeIgniter.php(825): App\Controllers\Auth->verifySign()
#5 /var/www/html/ci418/system/CodeIgniter.php(412): CodeIgniter\CodeIgniter->runController()
#6 /var/www/html/ci418/system/CodeIgniter.php(320): CodeIgniter\CodeIgniter->handleRequest()
#7 /var/www/html/ci418/public/index.php(38): CodeIgniter\CodeIgniter->run()
#8 /var/www/html/ci418/system/Commands/Server/rewrite.php(43): require_once('...')
#9 {main}
CRITICAL - 2022-02-18 22:11:51 --> There is no data to update.
#0 /var/www/html/ci418/system/BaseModel.php(1574): CodeIgniter\Database\Exceptions\DataException::forEmptyDataset()
#1 /var/www/html/ci418/system/BaseModel.php(832): CodeIgniter\BaseModel->transformDataToArray()
#2 /var/www/html/ci418/system/Model.php(651): CodeIgniter\BaseModel->update()
#3 /var/www/html/ci418/app/Controllers/Auth.php(114): CodeIgniter\Model->update()
#4 /var/www/html/ci418/system/CodeIgniter.php(825): App\Controllers\Auth->verifySign()
#5 /var/www/html/ci418/system/CodeIgniter.php(412): CodeIgniter\CodeIgniter->runController()
#6 /var/www/html/ci418/system/CodeIgniter.php(320): CodeIgniter\CodeIgniter->handleRequest()
#7 /var/www/html/ci418/public/index.php(38): CodeIgniter\CodeIgniter->run()
#8 /var/www/html/ci418/system/Commands/Server/rewrite.php(43): require_once('...')
#9 {main}
CRITICAL - 2022-02-18 22:35:45 --> There is no data to update.
#0 /var/www/html/ci418/system/BaseModel.php(1574): CodeIgniter\Database\Exceptions\DataException::forEmptyDataset()
#1 /var/www/html/ci418/system/BaseModel.php(832): CodeIgniter\BaseModel->transformDataToArray()
#2 /var/www/html/ci418/system/Model.php(651): CodeIgniter\BaseModel->update()
#3 /var/www/html/ci418/app/Controllers/Auth.php(114): CodeIgniter\Model->update()
#4 /var/www/html/ci418/system/CodeIgniter.php(825): App\Controllers\Auth->verifySign()
#5 /var/www/html/ci418/system/CodeIgniter.php(412): CodeIgniter\CodeIgniter->runController()
#6 /var/www/html/ci418/system/CodeIgniter.php(320): CodeIgniter\CodeIgniter->handleRequest()
#7 /var/www/html/ci418/public/index.php(38): CodeIgniter\CodeIgniter->run()
#8 /var/www/html/ci418/system/Commands/Server/rewrite.php(43): require_once('...')
#9 {main}
CRITICAL - 2022-02-18 22:38:31 --> There is no data to update.
#0 /var/www/html/ci418/system/BaseModel.php(1574): CodeIgniter\Database\Exceptions\DataException::forEmptyDataset()
#1 /var/www/html/ci418/system/BaseModel.php(832): CodeIgniter\BaseModel->transformDataToArray()
#2 /var/www/html/ci418/system/Model.php(651): CodeIgniter\BaseModel->update()
#3 /var/www/html/ci418/app/Controllers/Auth.php(114): CodeIgniter\Model->update()
#4 /var/www/html/ci418/system/CodeIgniter.php(825): App\Controllers\Auth->verifySign()
#5 /var/www/html/ci418/system/CodeIgniter.php(412): CodeIgniter\CodeIgniter->runController()
#6 /var/www/html/ci418/system/CodeIgniter.php(320): CodeIgniter\CodeIgniter->handleRequest()
#7 /var/www/html/ci418/public/index.php(38): CodeIgniter\CodeIgniter->run()
#8 /var/www/html/ci418/system/Commands/Server/rewrite.php(43): require_once('...')
#9 {main}
CRITICAL - 2022-02-18 23:19:47 --> Undefined variable $salt
#0 /var/www/html/ci418/app/Controllers/Auth.php(108): CodeIgniter\Debug\Exceptions->errorHandler()
#1 /var/www/html/ci418/system/CodeIgniter.php(825): App\Controllers\Auth->verifySign()
#2 /var/www/html/ci418/system/CodeIgniter.php(412): CodeIgniter\CodeIgniter->runController()
#3 /var/www/html/ci418/system/CodeIgniter.php(320): CodeIgniter\CodeIgniter->handleRequest()
#4 /var/www/html/ci418/public/index.php(38): CodeIgniter\CodeIgniter->run()
#5 /var/www/html/ci418/system/Commands/Server/rewrite.php(43): require_once('...')
#6 {main}
CRITICAL - 2022-02-18 23:20:59 --> Too few arguments to function App\Controllers\Auth::verifySign(), 1 passed in /var/www/html/ci418/system/CodeIgniter.php on line 825 and exactly 2 expected
#0 /var/www/html/ci418/system/CodeIgniter.php(825): App\Controllers\Auth->verifySign()
#1 /var/www/html/ci418/system/CodeIgniter.php(412): CodeIgniter\CodeIgniter->runController()
#2 /var/www/html/ci418/system/CodeIgniter.php(320): CodeIgniter\CodeIgniter->handleRequest()
#3 /var/www/html/ci418/public/index.php(38): CodeIgniter\CodeIgniter->run()
#4 /var/www/html/ci418/system/Commands/Server/rewrite.php(43): require_once('...')
#5 {main}
