CRITICAL - 2022-02-20 00:08:04 --> fopen(/var/www/html/ci418/writable/session/ci_sessionjbc7opqbbo430q5d14r5hq8e25agntro): Failed to open stream: Permission denied
#0 [internal function]: CodeIgniter\Debug\Exceptions->errorHandler()
#1 /var/www/html/ci418/system/Session/Handlers/FileHandler.php(129): fopen()
#2 [internal function]: CodeIgniter\Session\Handlers\FileHandler->read()
#3 /var/www/html/ci418/system/Session/Session.php(894): session_start()
#4 /var/www/html/ci418/system/Session/Session.php(238): CodeIgniter\Session\Session->startSession()
#5 /var/www/html/ci418/system/Config/Services.php(577): CodeIgniter\Session\Session->start()
#6 /var/www/html/ci418/system/Config/BaseService.php(248): CodeIgniter\Config\Services::session()
#7 /var/www/html/ci418/system/Config/BaseService.php(189): CodeIgniter\Config\BaseService::__callStatic()
#8 /var/www/html/ci418/system/Config/Services.php(563): CodeIgniter\Config\BaseService::getSharedInstance()
#9 /var/www/html/ci418/system/Config/BaseService.php(248): CodeIgniter\Config\Services::session()
#10 /var/www/html/ci418/system/Common.php(901): CodeIgniter\Config\BaseService::__callStatic()
#11 /var/www/html/ci418/app/Views/templates/header.php(34): session()
#12 /var/www/html/ci418/system/View/View.php(210): include('...')
#13 /var/www/html/ci418/system/View/View.php(213): CodeIgniter\View\View->CodeIgniter\View\{closure}()
#14 /var/www/html/ci418/system/Common.php(1089): CodeIgniter\View\View->render()
#15 /var/www/html/ci418/app/Controllers/Challenge.php(21): view()
#16 /var/www/html/ci418/system/CodeIgniter.php(825): App\Controllers\Challenge->index()
#17 /var/www/html/ci418/system/CodeIgniter.php(412): CodeIgniter\CodeIgniter->runController()
#18 /var/www/html/ci418/system/CodeIgniter.php(320): CodeIgniter\CodeIgniter->handleRequest()
#19 /var/www/html/ci418/index.php(38): CodeIgniter\CodeIgniter->run()
#20 {main}
CRITICAL - 2022-02-20 00:09:40 --> File not found: images/cublogo.jpg
#0 /var/www/html/ci418/system/Helpers/html_helper.php(147): CodeIgniter\Files\Exceptions\FileNotFoundException::forFileNotFound()
#1 /var/www/html/ci418/app/Views/templates/footer.php(6): img_data()
#2 /var/www/html/ci418/system/View/View.php(210): include('...')
#3 /var/www/html/ci418/system/View/View.php(213): CodeIgniter\View\View->CodeIgniter\View\{closure}()
#4 /var/www/html/ci418/system/Common.php(1089): CodeIgniter\View\View->render()
#5 /var/www/html/ci418/app/Controllers/Challenge.php(28): view()
#6 /var/www/html/ci418/system/CodeIgniter.php(825): App\Controllers\Challenge->index()
#7 /var/www/html/ci418/system/CodeIgniter.php(412): CodeIgniter\CodeIgniter->runController()
#8 /var/www/html/ci418/system/CodeIgniter.php(320): CodeIgniter\CodeIgniter->handleRequest()
#9 /var/www/html/ci418/index.php(38): CodeIgniter\CodeIgniter->run()
#10 {main}
CRITICAL - 2022-02-20 00:11:08 --> File not found: images/cublogo.jpg
#0 /var/www/html/ci418/system/Helpers/html_helper.php(147): CodeIgniter\Files\Exceptions\FileNotFoundException::forFileNotFound()
#1 /var/www/html/ci418/app/Views/templates/footer.php(6): img_data()
#2 /var/www/html/ci418/system/View/View.php(210): include('...')
#3 /var/www/html/ci418/system/View/View.php(213): CodeIgniter\View\View->CodeIgniter\View\{closure}()
#4 /var/www/html/ci418/system/Common.php(1089): CodeIgniter\View\View->render()
#5 /var/www/html/ci418/app/Controllers/Challenge.php(28): view()
#6 /var/www/html/ci418/system/CodeIgniter.php(825): App\Controllers\Challenge->index()
#7 /var/www/html/ci418/system/CodeIgniter.php(412): CodeIgniter\CodeIgniter->runController()
#8 /var/www/html/ci418/system/CodeIgniter.php(320): CodeIgniter\CodeIgniter->handleRequest()
#9 /var/www/html/ci418/index.php(38): CodeIgniter\CodeIgniter->run()
#10 {main}
CRITICAL - 2022-02-20 00:14:24 --> File not found: images/cublogo.jpg
#0 /var/www/html/ci418/system/Helpers/html_helper.php(147): CodeIgniter\Files\Exceptions\FileNotFoundException::forFileNotFound()
#1 /var/www/html/ci418/app/Views/templates/footer.php(6): img_data()
#2 /var/www/html/ci418/system/View/View.php(210): include('...')
#3 /var/www/html/ci418/system/View/View.php(213): CodeIgniter\View\View->CodeIgniter\View\{closure}()
#4 /var/www/html/ci418/system/Common.php(1089): CodeIgniter\View\View->render()
#5 /var/www/html/ci418/app/Controllers/Challenge.php(28): view()
#6 /var/www/html/ci418/system/CodeIgniter.php(825): App\Controllers\Challenge->index()
#7 /var/www/html/ci418/system/CodeIgniter.php(412): CodeIgniter\CodeIgniter->runController()
#8 /var/www/html/ci418/system/CodeIgniter.php(320): CodeIgniter\CodeIgniter->handleRequest()
#9 /var/www/html/ci418/index.php(38): CodeIgniter\CodeIgniter->run()
#10 {main}
CRITICAL - 2022-02-20 00:14:28 --> File not found: images/cublogo.jpg
#0 /var/www/html/ci418/system/Helpers/html_helper.php(147): CodeIgniter\Files\Exceptions\FileNotFoundException::forFileNotFound()
#1 /var/www/html/ci418/app/Views/templates/footer.php(6): img_data()
#2 /var/www/html/ci418/system/View/View.php(210): include('...')
#3 /var/www/html/ci418/system/View/View.php(213): CodeIgniter\View\View->CodeIgniter\View\{closure}()
#4 /var/www/html/ci418/system/Common.php(1089): CodeIgniter\View\View->render()
#5 /var/www/html/ci418/app/Controllers/Challenge.php(28): view()
#6 /var/www/html/ci418/system/CodeIgniter.php(825): App\Controllers\Challenge->index()
#7 /var/www/html/ci418/system/CodeIgniter.php(412): CodeIgniter\CodeIgniter->runController()
#8 /var/www/html/ci418/system/CodeIgniter.php(320): CodeIgniter\CodeIgniter->handleRequest()
#9 /var/www/html/ci418/index.php(38): CodeIgniter\CodeIgniter->run()
#10 {main}
CRITICAL - 2022-02-20 00:16:54 --> File not found: images/cublogo.jpg
#0 /var/www/html/ci418/system/Helpers/html_helper.php(147): CodeIgniter\Files\Exceptions\FileNotFoundException::forFileNotFound()
#1 /var/www/html/ci418/app/Views/templates/footer.php(6): img_data()
#2 /var/www/html/ci418/system/View/View.php(210): include('...')
#3 /var/www/html/ci418/system/View/View.php(213): CodeIgniter\View\View->CodeIgniter\View\{closure}()
#4 /var/www/html/ci418/system/Common.php(1089): CodeIgniter\View\View->render()
#5 /var/www/html/ci418/app/Controllers/Challenge.php(28): view()
#6 /var/www/html/ci418/system/CodeIgniter.php(825): App\Controllers\Challenge->index()
#7 /var/www/html/ci418/system/CodeIgniter.php(412): CodeIgniter\CodeIgniter->runController()
#8 /var/www/html/ci418/system/CodeIgniter.php(320): CodeIgniter\CodeIgniter->handleRequest()
#9 /var/www/html/ci418/index.php(38): CodeIgniter\CodeIgniter->run()
#10 {main}
CRITICAL - 2022-02-20 00:16:56 --> File not found: images/cublogo.jpg
#0 /var/www/html/ci418/system/Helpers/html_helper.php(147): CodeIgniter\Files\Exceptions\FileNotFoundException::forFileNotFound()
#1 /var/www/html/ci418/app/Views/templates/footer.php(6): img_data()
#2 /var/www/html/ci418/system/View/View.php(210): include('...')
#3 /var/www/html/ci418/system/View/View.php(213): CodeIgniter\View\View->CodeIgniter\View\{closure}()
#4 /var/www/html/ci418/system/Common.php(1089): CodeIgniter\View\View->render()
#5 /var/www/html/ci418/app/Controllers/Challenge.php(28): view()
#6 /var/www/html/ci418/system/CodeIgniter.php(825): App\Controllers\Challenge->index()
#7 /var/www/html/ci418/system/CodeIgniter.php(412): CodeIgniter\CodeIgniter->runController()
#8 /var/www/html/ci418/system/CodeIgniter.php(320): CodeIgniter\CodeIgniter->handleRequest()
#9 /var/www/html/ci418/index.php(38): CodeIgniter\CodeIgniter->run()
#10 {main}
CRITICAL - 2022-02-20 00:17:41 --> File not found: images/cublogo.jpg
#0 /var/www/html/ci418/system/Helpers/html_helper.php(147): CodeIgniter\Files\Exceptions\FileNotFoundException::forFileNotFound()
#1 /var/www/html/ci418/app/Views/templates/footer.php(6): img_data()
#2 /var/www/html/ci418/system/View/View.php(210): include('...')
#3 /var/www/html/ci418/system/View/View.php(213): CodeIgniter\View\View->CodeIgniter\View\{closure}()
#4 /var/www/html/ci418/system/Common.php(1089): CodeIgniter\View\View->render()
#5 /var/www/html/ci418/app/Controllers/Challenge.php(28): view()
#6 /var/www/html/ci418/system/CodeIgniter.php(825): App\Controllers\Challenge->index()
#7 /var/www/html/ci418/system/CodeIgniter.php(412): CodeIgniter\CodeIgniter->runController()
#8 /var/www/html/ci418/system/CodeIgniter.php(320): CodeIgniter\CodeIgniter->handleRequest()
#9 /var/www/html/ci418/index.php(38): CodeIgniter\CodeIgniter->run()
#10 {main}
CRITICAL - 2022-02-20 00:18:03 --> File not found: images/cublogo.jpg
#0 /var/www/html/ci418/system/Helpers/html_helper.php(147): CodeIgniter\Files\Exceptions\FileNotFoundException::forFileNotFound()
#1 /var/www/html/ci418/app/Views/templates/footer.php(6): img_data()
#2 /var/www/html/ci418/system/View/View.php(210): include('...')
#3 /var/www/html/ci418/system/View/View.php(213): CodeIgniter\View\View->CodeIgniter\View\{closure}()
#4 /var/www/html/ci418/system/Common.php(1089): CodeIgniter\View\View->render()
#5 /var/www/html/ci418/app/Controllers/Challenge.php(28): view()
#6 /var/www/html/ci418/system/CodeIgniter.php(825): App\Controllers\Challenge->index()
#7 /var/www/html/ci418/system/CodeIgniter.php(412): CodeIgniter\CodeIgniter->runController()
#8 /var/www/html/ci418/system/CodeIgniter.php(320): CodeIgniter\CodeIgniter->handleRequest()
#9 /var/www/html/ci418/index.php(38): CodeIgniter\CodeIgniter->run()
#10 {main}
CRITICAL - 2022-02-20 00:18:20 --> File not found: images/cublogo.jpg
#0 /var/www/html/ci418/system/Helpers/html_helper.php(147): CodeIgniter\Files\Exceptions\FileNotFoundException::forFileNotFound()
#1 /var/www/html/ci418/app/Views/templates/footer.php(6): img_data()
#2 /var/www/html/ci418/system/View/View.php(210): include('...')
#3 /var/www/html/ci418/system/View/View.php(213): CodeIgniter\View\View->CodeIgniter\View\{closure}()
#4 /var/www/html/ci418/system/Common.php(1089): CodeIgniter\View\View->render()
#5 /var/www/html/ci418/app/Controllers/Challenge.php(28): view()
#6 /var/www/html/ci418/system/CodeIgniter.php(825): App\Controllers\Challenge->index()
#7 /var/www/html/ci418/system/CodeIgniter.php(412): CodeIgniter\CodeIgniter->runController()
#8 /var/www/html/ci418/system/CodeIgniter.php(320): CodeIgniter\CodeIgniter->handleRequest()
#9 /var/www/html/ci418/index.php(38): CodeIgniter\CodeIgniter->run()
#10 {main}
CRITICAL - 2022-02-20 00:23:09 --> File not found: images/cublogo.jpg
#0 /var/www/html/ci418/system/Helpers/html_helper.php(147): CodeIgniter\Files\Exceptions\FileNotFoundException::forFileNotFound()
#1 /var/www/html/ci418/app/Views/templates/footer.php(6): img_data()
#2 /var/www/html/ci418/system/View/View.php(210): include('...')
#3 /var/www/html/ci418/system/View/View.php(213): CodeIgniter\View\View->CodeIgniter\View\{closure}()
#4 /var/www/html/ci418/system/Common.php(1089): CodeIgniter\View\View->render()
#5 /var/www/html/ci418/app/Controllers/Challenge.php(28): view()
#6 /var/www/html/ci418/system/CodeIgniter.php(825): App\Controllers\Challenge->index()
#7 /var/www/html/ci418/system/CodeIgniter.php(412): CodeIgniter\CodeIgniter->runController()
#8 /var/www/html/ci418/system/CodeIgniter.php(320): CodeIgniter\CodeIgniter->handleRequest()
#9 /var/www/html/ci418/index.php(38): CodeIgniter\CodeIgniter->run()
#10 {main}
CRITICAL - 2022-02-20 00:24:31 --> File not found: images/cublogo.jpg
#0 /var/www/html/ci418/system/Helpers/html_helper.php(147): CodeIgniter\Files\Exceptions\FileNotFoundException::forFileNotFound()
#1 /var/www/html/ci418/app/Views/templates/footer.php(6): img_data()
#2 /var/www/html/ci418/system/View/View.php(210): include('...')
#3 /var/www/html/ci418/system/View/View.php(213): CodeIgniter\View\View->CodeIgniter\View\{closure}()
#4 /var/www/html/ci418/system/Common.php(1089): CodeIgniter\View\View->render()
#5 /var/www/html/ci418/app/Controllers/Challenge.php(28): view()
#6 /var/www/html/ci418/system/CodeIgniter.php(825): App\Controllers\Challenge->index()
#7 /var/www/html/ci418/system/CodeIgniter.php(412): CodeIgniter\CodeIgniter->runController()
#8 /var/www/html/ci418/system/CodeIgniter.php(320): CodeIgniter\CodeIgniter->handleRequest()
#9 /var/www/html/ci418/index.php(38): CodeIgniter\CodeIgniter->run()
#10 {main}
CRITICAL - 2022-02-20 00:24:33 --> File not found: images/cublogo.jpg
#0 /var/www/html/ci418/system/Helpers/html_helper.php(147): CodeIgniter\Files\Exceptions\FileNotFoundException::forFileNotFound()
#1 /var/www/html/ci418/app/Views/templates/footer.php(6): img_data()
#2 /var/www/html/ci418/system/View/View.php(210): include('...')
#3 /var/www/html/ci418/system/View/View.php(213): CodeIgniter\View\View->CodeIgniter\View\{closure}()
#4 /var/www/html/ci418/system/Common.php(1089): CodeIgniter\View\View->render()
#5 /var/www/html/ci418/app/Controllers/Challenge.php(28): view()
#6 /var/www/html/ci418/system/CodeIgniter.php(825): App\Controllers\Challenge->index()
#7 /var/www/html/ci418/system/CodeIgniter.php(412): CodeIgniter\CodeIgniter->runController()
#8 /var/www/html/ci418/system/CodeIgniter.php(320): CodeIgniter\CodeIgniter->handleRequest()
#9 /var/www/html/ci418/index.php(38): CodeIgniter\CodeIgniter->run()
#10 {main}
ERROR - 2022-02-20 02:36:22 --> Error connecting to the database: No such file or directory
CRITICAL - 2022-02-20 02:36:22 --> Unable to connect to the database.
Main connection [MySQLi]: No such file or directory
#0 /var/www/html/ci418/system/Database/BaseConnection.php(577): CodeIgniter\Database\BaseConnection->initialize()
#1 /var/www/html/ci418/app/Controllers/Challenge.php(24): CodeIgniter\Database\BaseConnection->query()
#2 /var/www/html/ci418/system/CodeIgniter.php(825): App\Controllers\Challenge->index()
#3 /var/www/html/ci418/system/CodeIgniter.php(412): CodeIgniter\CodeIgniter->runController()
#4 /var/www/html/ci418/system/CodeIgniter.php(320): CodeIgniter\CodeIgniter->handleRequest()
#5 /var/www/html/ci418/public/index.php(38): CodeIgniter\CodeIgniter->run()
#6 /var/www/html/ci418/system/Commands/Server/rewrite.php(43): require_once('...')
#7 {main}
CRITICAL - 2022-02-20 03:03:21 --> syntax error, unexpected token ":"
#0 /var/www/html/ci418/system/View/View.php(213): CodeIgniter\View\View->CodeIgniter\View\{closure}()
#1 /var/www/html/ci418/system/Common.php(1089): CodeIgniter\View\View->render()
#2 /var/www/html/ci418/app/Controllers/Challenge.php(129): view()
#3 /var/www/html/ci418/system/CodeIgniter.php(825): App\Controllers\Challenge->basicForm()
#4 /var/www/html/ci418/system/CodeIgniter.php(412): CodeIgniter\CodeIgniter->runController()
#5 /var/www/html/ci418/system/CodeIgniter.php(320): CodeIgniter\CodeIgniter->handleRequest()
#6 /var/www/html/ci418/public/index.php(38): CodeIgniter\CodeIgniter->run()
#7 /var/www/html/ci418/system/Commands/Server/rewrite.php(43): require_once('...')
#8 {main}
CRITICAL - 2022-02-20 03:04:47 --> syntax error, unexpected token "echo"
#0 /var/www/html/ci418/system/View/View.php(213): CodeIgniter\View\View->CodeIgniter\View\{closure}()
#1 /var/www/html/ci418/system/Common.php(1089): CodeIgniter\View\View->render()
#2 /var/www/html/ci418/app/Controllers/Challenge.php(129): view()
#3 /var/www/html/ci418/system/CodeIgniter.php(825): App\Controllers\Challenge->basicForm()
#4 /var/www/html/ci418/system/CodeIgniter.php(412): CodeIgniter\CodeIgniter->runController()
#5 /var/www/html/ci418/system/CodeIgniter.php(320): CodeIgniter\CodeIgniter->handleRequest()
#6 /var/www/html/ci418/public/index.php(38): CodeIgniter\CodeIgniter->run()
#7 /var/www/html/ci418/system/Commands/Server/rewrite.php(43): require_once('...')
#8 {main}
CRITICAL - 2022-02-20 03:13:11 --> syntax error, unexpected token ";"
#0 /var/www/html/ci418/system/View/View.php(213): CodeIgniter\View\View->CodeIgniter\View\{closure}()
#1 /var/www/html/ci418/system/Common.php(1089): CodeIgniter\View\View->render()
#2 /var/www/html/ci418/app/Controllers/Challenge.php(56): view()
#3 /var/www/html/ci418/system/CodeIgniter.php(825): App\Controllers\Challenge->register()
#4 /var/www/html/ci418/system/CodeIgniter.php(412): CodeIgniter\CodeIgniter->runController()
#5 /var/www/html/ci418/system/CodeIgniter.php(320): CodeIgniter\CodeIgniter->handleRequest()
#6 /var/www/html/ci418/public/index.php(38): CodeIgniter\CodeIgniter->run()
#7 /var/www/html/ci418/system/Commands/Server/rewrite.php(43): require_once('...')
#8 {main}
CRITICAL - 2022-02-20 03:13:29 --> syntax error, unexpected token ","
#0 /var/www/html/ci418/system/View/View.php(213): CodeIgniter\View\View->CodeIgniter\View\{closure}()
#1 /var/www/html/ci418/system/Common.php(1089): CodeIgniter\View\View->render()
#2 /var/www/html/ci418/app/Controllers/Challenge.php(56): view()
#3 /var/www/html/ci418/system/CodeIgniter.php(825): App\Controllers\Challenge->register()
#4 /var/www/html/ci418/system/CodeIgniter.php(412): CodeIgniter\CodeIgniter->runController()
#5 /var/www/html/ci418/system/CodeIgniter.php(320): CodeIgniter\CodeIgniter->handleRequest()
#6 /var/www/html/ci418/public/index.php(38): CodeIgniter\CodeIgniter->run()
#7 /var/www/html/ci418/system/Commands/Server/rewrite.php(43): require_once('...')
#8 {main}
CRITICAL - 2022-02-20 03:13:37 --> syntax error, unexpected token ";"
#0 /var/www/html/ci418/system/View/View.php(213): CodeIgniter\View\View->CodeIgniter\View\{closure}()
#1 /var/www/html/ci418/system/Common.php(1089): CodeIgniter\View\View->render()
#2 /var/www/html/ci418/app/Controllers/Challenge.php(56): view()
#3 /var/www/html/ci418/system/CodeIgniter.php(825): App\Controllers\Challenge->register()
#4 /var/www/html/ci418/system/CodeIgniter.php(412): CodeIgniter\CodeIgniter->runController()
#5 /var/www/html/ci418/system/CodeIgniter.php(320): CodeIgniter\CodeIgniter->handleRequest()
#6 /var/www/html/ci418/public/index.php(38): CodeIgniter\CodeIgniter->run()
#7 /var/www/html/ci418/system/Commands/Server/rewrite.php(43): require_once('...')
#8 {main}
CRITICAL - 2022-02-20 03:13:42 --> syntax error, unexpected identifier "form_submit"
#0 /var/www/html/ci418/system/View/View.php(213): CodeIgniter\View\View->CodeIgniter\View\{closure}()
#1 /var/www/html/ci418/system/Common.php(1089): CodeIgniter\View\View->render()
#2 /var/www/html/ci418/app/Controllers/Challenge.php(56): view()
#3 /var/www/html/ci418/system/CodeIgniter.php(825): App\Controllers\Challenge->register()
#4 /var/www/html/ci418/system/CodeIgniter.php(412): CodeIgniter\CodeIgniter->runController()
#5 /var/www/html/ci418/system/CodeIgniter.php(320): CodeIgniter\CodeIgniter->handleRequest()
#6 /var/www/html/ci418/public/index.php(38): CodeIgniter\CodeIgniter->run()
#7 /var/www/html/ci418/system/Commands/Server/rewrite.php(43): require_once('...')
#8 {main}
CRITICAL - 2022-02-20 03:15:11 --> syntax error, unexpected token ";"
#0 /var/www/html/ci418/system/View/View.php(213): CodeIgniter\View\View->CodeIgniter\View\{closure}()
#1 /var/www/html/ci418/system/Common.php(1089): CodeIgniter\View\View->render()
#2 /var/www/html/ci418/app/Controllers/Challenge.php(56): view()
#3 /var/www/html/ci418/system/CodeIgniter.php(825): App\Controllers\Challenge->register()
#4 /var/www/html/ci418/system/CodeIgniter.php(412): CodeIgniter\CodeIgniter->runController()
#5 /var/www/html/ci418/system/CodeIgniter.php(320): CodeIgniter\CodeIgniter->handleRequest()
#6 /var/www/html/ci418/public/index.php(38): CodeIgniter\CodeIgniter->run()
#7 /var/www/html/ci418/system/Commands/Server/rewrite.php(43): require_once('...')
#8 {main}
CRITICAL - 2022-02-20 03:50:03 --> syntax error, unexpected token "return"
#0 /var/www/html/ci418/system/Router/Router.php(175): CodeIgniter\Router\Router->autoRoute()
#1 /var/www/html/ci418/system/CodeIgniter.php(719): CodeIgniter\Router\Router->handle()
#2 /var/www/html/ci418/system/CodeIgniter.php(361): CodeIgniter\CodeIgniter->tryToRouteIt()
#3 /var/www/html/ci418/system/CodeIgniter.php(320): CodeIgniter\CodeIgniter->handleRequest()
#4 /var/www/html/ci418/public/index.php(38): CodeIgniter\CodeIgniter->run()
#5 /var/www/html/ci418/system/Commands/Server/rewrite.php(43): require_once('...')
#6 {main}
CRITICAL - 2022-02-20 03:52:39 --> syntax error, unexpected token "return"
#0 /var/www/html/ci418/system/Router/Router.php(175): CodeIgniter\Router\Router->autoRoute()
#1 /var/www/html/ci418/system/CodeIgniter.php(719): CodeIgniter\Router\Router->handle()
#2 /var/www/html/ci418/system/CodeIgniter.php(361): CodeIgniter\CodeIgniter->tryToRouteIt()
#3 /var/www/html/ci418/system/CodeIgniter.php(320): CodeIgniter\CodeIgniter->handleRequest()
#4 /var/www/html/ci418/public/index.php(38): CodeIgniter\CodeIgniter->run()
#5 /var/www/html/ci418/system/Commands/Server/rewrite.php(43): require_once('...')
#6 {main}
CRITICAL - 2022-02-20 03:53:10 --> syntax error, unexpected token "return"
#0 /var/www/html/ci418/system/Router/Router.php(175): CodeIgniter\Router\Router->autoRoute()
#1 /var/www/html/ci418/system/CodeIgniter.php(719): CodeIgniter\Router\Router->handle()
#2 /var/www/html/ci418/system/CodeIgniter.php(361): CodeIgniter\CodeIgniter->tryToRouteIt()
#3 /var/www/html/ci418/system/CodeIgniter.php(320): CodeIgniter\CodeIgniter->handleRequest()
#4 /var/www/html/ci418/public/index.php(38): CodeIgniter\CodeIgniter->run()
#5 /var/www/html/ci418/system/Commands/Server/rewrite.php(43): require_once('...')
#6 {main}
CRITICAL - 2022-02-20 03:54:00 --> syntax error, unexpected token "return"
#0 /var/www/html/ci418/system/Router/Router.php(175): CodeIgniter\Router\Router->autoRoute()
#1 /var/www/html/ci418/system/CodeIgniter.php(719): CodeIgniter\Router\Router->handle()
#2 /var/www/html/ci418/system/CodeIgniter.php(361): CodeIgniter\CodeIgniter->tryToRouteIt()
#3 /var/www/html/ci418/system/CodeIgniter.php(320): CodeIgniter\CodeIgniter->handleRequest()
#4 /var/www/html/ci418/public/index.php(38): CodeIgniter\CodeIgniter->run()
#5 /var/www/html/ci418/system/Commands/Server/rewrite.php(43): require_once('...')
#6 {main}
CRITICAL - 2022-02-20 11:17:11 --> syntax error, unexpected identifier "sabikun", expecting "function" or "const"
#0 /var/www/html/ci418/system/Autoloader/Autoloader.php(241): CodeIgniter\Autoloader\Autoloader->includeFile()
#1 /var/www/html/ci418/system/Autoloader/Autoloader.php(219): CodeIgniter\Autoloader\Autoloader->loadInNamespace()
#2 /var/www/html/ci418/app/Controllers/Auth.php(30): CodeIgniter\Autoloader\Autoloader->loadClass()
#3 /var/www/html/ci418/system/CodeIgniter.php(825): App\Controllers\Auth->signup()
#4 /var/www/html/ci418/system/CodeIgniter.php(412): CodeIgniter\CodeIgniter->runController()
#5 /var/www/html/ci418/system/CodeIgniter.php(320): CodeIgniter\CodeIgniter->handleRequest()
#6 /var/www/html/ci418/public/index.php(38): CodeIgniter\CodeIgniter->run()
#7 /var/www/html/ci418/system/Commands/Server/rewrite.php(43): require_once('...')
#8 {main}
CRITICAL - 2022-02-20 11:18:10 --> uniqid(): Argument #1 ($prefix) must be of type string, null given
#0 /var/www/html/ci418/app/Controllers/Auth.php(35): uniqid()
#1 /var/www/html/ci418/system/CodeIgniter.php(825): App\Controllers\Auth->signup()
#2 /var/www/html/ci418/system/CodeIgniter.php(412): CodeIgniter\CodeIgniter->runController()
#3 /var/www/html/ci418/system/CodeIgniter.php(320): CodeIgniter\CodeIgniter->handleRequest()
#4 /var/www/html/ci418/public/index.php(38): CodeIgniter\CodeIgniter->run()
#5 /var/www/html/ci418/system/Commands/Server/rewrite.php(43): require_once('...')
#6 {main}
CRITICAL - 2022-02-20 11:19:42 --> uniqid(): Argument #1 ($prefix) must be of type string, null given
#0 /var/www/html/ci418/app/Controllers/Auth.php(35): uniqid()
#1 /var/www/html/ci418/system/CodeIgniter.php(825): App\Controllers\Auth->signup()
#2 /var/www/html/ci418/system/CodeIgniter.php(412): CodeIgniter\CodeIgniter->runController()
#3 /var/www/html/ci418/system/CodeIgniter.php(320): CodeIgniter\CodeIgniter->handleRequest()
#4 /var/www/html/ci418/public/index.php(38): CodeIgniter\CodeIgniter->run()
#5 /var/www/html/ci418/system/Commands/Server/rewrite.php(43): require_once('...')
#6 {main}
CRITICAL - 2022-02-20 11:51:23 --> Array to string conversion
#0 /var/www/html/ci418/app/Views/challenge/registration.php(58): CodeIgniter\Debug\Exceptions->errorHandler()
#1 /var/www/html/ci418/system/View/View.php(210): include('...')
#2 /var/www/html/ci418/system/View/View.php(213): CodeIgniter\View\View->CodeIgniter\View\{closure}()
#3 /var/www/html/ci418/system/Common.php(1089): CodeIgniter\View\View->render()
#4 /var/www/html/ci418/app/Controllers/Challenge.php(129): view()
#5 /var/www/html/ci418/system/CodeIgniter.php(825): App\Controllers\Challenge->basicForm()
#6 /var/www/html/ci418/system/CodeIgniter.php(412): CodeIgniter\CodeIgniter->runController()
#7 /var/www/html/ci418/system/CodeIgniter.php(320): CodeIgniter\CodeIgniter->handleRequest()
#8 /var/www/html/ci418/public/index.php(38): CodeIgniter\CodeIgniter->run()
#9 /var/www/html/ci418/system/Commands/Server/rewrite.php(43): require_once('...')
#10 {main}
CRITICAL - 2022-02-20 11:53:54 --> Undefined variable $row
#0 /var/www/html/ci418/app/Views/challenge/registration.php(58): CodeIgniter\Debug\Exceptions->errorHandler()
#1 /var/www/html/ci418/system/View/View.php(210): include('...')
#2 /var/www/html/ci418/system/View/View.php(213): CodeIgniter\View\View->CodeIgniter\View\{closure}()
#3 /var/www/html/ci418/system/Common.php(1089): CodeIgniter\View\View->render()
#4 /var/www/html/ci418/app/Controllers/Challenge.php(56): view()
#5 /var/www/html/ci418/system/CodeIgniter.php(825): App\Controllers\Challenge->register()
#6 /var/www/html/ci418/system/CodeIgniter.php(412): CodeIgniter\CodeIgniter->runController()
#7 /var/www/html/ci418/system/CodeIgniter.php(320): CodeIgniter\CodeIgniter->handleRequest()
#8 /var/www/html/ci418/public/index.php(38): CodeIgniter\CodeIgniter->run()
#9 /var/www/html/ci418/system/Commands/Server/rewrite.php(43): require_once('...')
#10 {main}
CRITICAL - 2022-02-20 11:55:09 --> Undefined variable $row
#0 /var/www/html/ci418/app/Views/challenge/registration.php(58): CodeIgniter\Debug\Exceptions->errorHandler()
#1 /var/www/html/ci418/system/View/View.php(210): include('...')
#2 /var/www/html/ci418/system/View/View.php(213): CodeIgniter\View\View->CodeIgniter\View\{closure}()
#3 /var/www/html/ci418/system/Common.php(1089): CodeIgniter\View\View->render()
#4 /var/www/html/ci418/app/Controllers/Challenge.php(56): view()
#5 /var/www/html/ci418/system/CodeIgniter.php(825): App\Controllers\Challenge->register()
#6 /var/www/html/ci418/system/CodeIgniter.php(412): CodeIgniter\CodeIgniter->runController()
#7 /var/www/html/ci418/system/CodeIgniter.php(320): CodeIgniter\CodeIgniter->handleRequest()
#8 /var/www/html/ci418/public/index.php(38): CodeIgniter\CodeIgniter->run()
#9 /var/www/html/ci418/system/Commands/Server/rewrite.php(43): require_once('...')
#10 {main}
CRITICAL - 2022-02-20 12:31:27 --> fopen(): Argument #1 ($filename) must be of type string, bool given
#0 /var/www/html/ci418/app/Controllers/Auth.php(27): fopen()
#1 /var/www/html/ci418/system/CodeIgniter.php(825): App\Controllers\Auth->isOnline()
#2 /var/www/html/ci418/system/CodeIgniter.php(412): CodeIgniter\CodeIgniter->runController()
#3 /var/www/html/ci418/system/CodeIgniter.php(320): CodeIgniter\CodeIgniter->handleRequest()
#4 /var/www/html/ci418/public/index.php(38): CodeIgniter\CodeIgniter->run()
#5 /var/www/html/ci418/system/Commands/Server/rewrite.php(43): require_once('...')
#6 {main}
CRITICAL - 2022-02-20 12:31:35 --> fopen(): Argument #1 ($filename) must be of type string, bool given
#0 /var/www/html/ci418/app/Controllers/Auth.php(27): fopen()
#1 /var/www/html/ci418/system/CodeIgniter.php(825): App\Controllers\Auth->isOnline()
#2 /var/www/html/ci418/system/CodeIgniter.php(412): CodeIgniter\CodeIgniter->runController()
#3 /var/www/html/ci418/system/CodeIgniter.php(320): CodeIgniter\CodeIgniter->handleRequest()
#4 /var/www/html/ci418/public/index.php(38): CodeIgniter\CodeIgniter->run()
#5 /var/www/html/ci418/system/Commands/Server/rewrite.php(43): require_once('...')
#6 {main}
CRITICAL - 2022-02-20 12:31:37 --> fopen(): Argument #1 ($filename) must be of type string, bool given
#0 /var/www/html/ci418/app/Controllers/Auth.php(27): fopen()
#1 /var/www/html/ci418/system/CodeIgniter.php(825): App\Controllers\Auth->isOnline()
#2 /var/www/html/ci418/system/CodeIgniter.php(412): CodeIgniter\CodeIgniter->runController()
#3 /var/www/html/ci418/system/CodeIgniter.php(320): CodeIgniter\CodeIgniter->handleRequest()
#4 /var/www/html/ci418/public/index.php(38): CodeIgniter\CodeIgniter->run()
#5 /var/www/html/ci418/system/Commands/Server/rewrite.php(43): require_once('...')
#6 {main}
CRITICAL - 2022-02-20 12:31:38 --> fopen(): Argument #1 ($filename) must be of type string, bool given
#0 /var/www/html/ci418/app/Controllers/Auth.php(27): fopen()
#1 /var/www/html/ci418/system/CodeIgniter.php(825): App\Controllers\Auth->isOnline()
#2 /var/www/html/ci418/system/CodeIgniter.php(412): CodeIgniter\CodeIgniter->runController()
#3 /var/www/html/ci418/system/CodeIgniter.php(320): CodeIgniter\CodeIgniter->handleRequest()
#4 /var/www/html/ci418/public/index.php(38): CodeIgniter\CodeIgniter->run()
#5 /var/www/html/ci418/system/Commands/Server/rewrite.php(43): require_once('...')
#6 {main}
CRITICAL - 2022-02-20 12:31:38 --> fopen(): Argument #1 ($filename) must be of type string, bool given
#0 /var/www/html/ci418/app/Controllers/Auth.php(27): fopen()
#1 /var/www/html/ci418/system/CodeIgniter.php(825): App\Controllers\Auth->isOnline()
#2 /var/www/html/ci418/system/CodeIgniter.php(412): CodeIgniter\CodeIgniter->runController()
#3 /var/www/html/ci418/system/CodeIgniter.php(320): CodeIgniter\CodeIgniter->handleRequest()
#4 /var/www/html/ci418/public/index.php(38): CodeIgniter\CodeIgniter->run()
#5 /var/www/html/ci418/system/Commands/Server/rewrite.php(43): require_once('...')
#6 {main}
CRITICAL - 2022-02-20 12:31:38 --> fopen(): Argument #1 ($filename) must be of type string, bool given
#0 /var/www/html/ci418/app/Controllers/Auth.php(27): fopen()
#1 /var/www/html/ci418/system/CodeIgniter.php(825): App\Controllers\Auth->isOnline()
#2 /var/www/html/ci418/system/CodeIgniter.php(412): CodeIgniter\CodeIgniter->runController()
#3 /var/www/html/ci418/system/CodeIgniter.php(320): CodeIgniter\CodeIgniter->handleRequest()
#4 /var/www/html/ci418/public/index.php(38): CodeIgniter\CodeIgniter->run()
#5 /var/www/html/ci418/system/Commands/Server/rewrite.php(43): require_once('...')
#6 {main}
CRITICAL - 2022-02-20 12:31:38 --> fopen(): Argument #1 ($filename) must be of type string, bool given
#0 /var/www/html/ci418/app/Controllers/Auth.php(27): fopen()
#1 /var/www/html/ci418/system/CodeIgniter.php(825): App\Controllers\Auth->isOnline()
#2 /var/www/html/ci418/system/CodeIgniter.php(412): CodeIgniter\CodeIgniter->runController()
#3 /var/www/html/ci418/system/CodeIgniter.php(320): CodeIgniter\CodeIgniter->handleRequest()
#4 /var/www/html/ci418/public/index.php(38): CodeIgniter\CodeIgniter->run()
#5 /var/www/html/ci418/system/Commands/Server/rewrite.php(43): require_once('...')
#6 {main}
CRITICAL - 2022-02-20 23:37:41 --> File not found: images/loader.gif
#0 /var/www/html/ci418/system/Helpers/html_helper.php(147): CodeIgniter\Files\Exceptions\FileNotFoundException::forFileNotFound()
#1 /var/www/html/ci418/app/Views/auth/index.php(41): img_data()
#2 /var/www/html/ci418/system/View/View.php(210): include('...')
#3 /var/www/html/ci418/system/View/View.php(213): CodeIgniter\View\View->CodeIgniter\View\{closure}()
#4 /var/www/html/ci418/system/Common.php(1089): CodeIgniter\View\View->render()
#5 /var/www/html/ci418/app/Controllers/Auth.php(24): view()
#6 /var/www/html/ci418/system/CodeIgniter.php(825): App\Controllers\Auth->index()
#7 /var/www/html/ci418/system/CodeIgniter.php(412): CodeIgniter\CodeIgniter->runController()
#8 /var/www/html/ci418/system/CodeIgniter.php(320): CodeIgniter\CodeIgniter->handleRequest()
#9 /var/www/html/ci418/public/index.php(38): CodeIgniter\CodeIgniter->run()
#10 /var/www/html/ci418/system/Commands/Server/rewrite.php(43): require_once('...')
#11 {main}
CRITICAL - 2022-02-20 23:37:55 --> File not found: images/loader.gif
#0 /var/www/html/ci418/system/Helpers/html_helper.php(147): CodeIgniter\Files\Exceptions\FileNotFoundException::forFileNotFound()
#1 /var/www/html/ci418/app/Views/auth/index.php(41): img_data()
#2 /var/www/html/ci418/system/View/View.php(210): include('...')
#3 /var/www/html/ci418/system/View/View.php(213): CodeIgniter\View\View->CodeIgniter\View\{closure}()
#4 /var/www/html/ci418/system/Common.php(1089): CodeIgniter\View\View->render()
#5 /var/www/html/ci418/app/Controllers/Auth.php(24): view()
#6 /var/www/html/ci418/system/CodeIgniter.php(825): App\Controllers\Auth->index()
#7 /var/www/html/ci418/system/CodeIgniter.php(412): CodeIgniter\CodeIgniter->runController()
#8 /var/www/html/ci418/system/CodeIgniter.php(320): CodeIgniter\CodeIgniter->handleRequest()
#9 /var/www/html/ci418/public/index.php(38): CodeIgniter\CodeIgniter->run()
#10 /var/www/html/ci418/system/Commands/Server/rewrite.php(43): require_once('...')
#11 {main}
CRITICAL - 2022-02-20 23:37:57 --> File not found: images/loader.gif
#0 /var/www/html/ci418/system/Helpers/html_helper.php(147): CodeIgniter\Files\Exceptions\FileNotFoundException::forFileNotFound()
#1 /var/www/html/ci418/app/Views/auth/index.php(41): img_data()
#2 /var/www/html/ci418/system/View/View.php(210): include('...')
#3 /var/www/html/ci418/system/View/View.php(213): CodeIgniter\View\View->CodeIgniter\View\{closure}()
#4 /var/www/html/ci418/system/Common.php(1089): CodeIgniter\View\View->render()
#5 /var/www/html/ci418/app/Controllers/Auth.php(24): view()
#6 /var/www/html/ci418/system/CodeIgniter.php(825): App\Controllers\Auth->index()
#7 /var/www/html/ci418/system/CodeIgniter.php(412): CodeIgniter\CodeIgniter->runController()
#8 /var/www/html/ci418/system/CodeIgniter.php(320): CodeIgniter\CodeIgniter->handleRequest()
#9 /var/www/html/ci418/public/index.php(38): CodeIgniter\CodeIgniter->run()
#10 /var/www/html/ci418/system/Commands/Server/rewrite.php(43): require_once('...')
#11 {main}
