CRITICAL - 2022-02-16 18:57:18 --> Call to undefined function img()
#0 /var/www/html/ci418/system/View/View.php(210): include()
#1 /var/www/html/ci418/system/View/View.php(213): CodeIgniter\View\View->CodeIgniter\View\{closure}()
#2 /var/www/html/ci418/system/Common.php(1089): CodeIgniter\View\View->render()
#3 /var/www/html/ci418/app/Controllers/Auth.php(22): view()
#4 /var/www/html/ci418/system/CodeIgniter.php(825): App\Controllers\Auth->index()
#5 /var/www/html/ci418/system/CodeIgniter.php(412): CodeIgniter\CodeIgniter->runController()
#6 /var/www/html/ci418/system/CodeIgniter.php(320): CodeIgniter\CodeIgniter->handleRequest()
#7 /var/www/html/ci418/public/index.php(38): CodeIgniter\CodeIgniter->run()
#8 /var/www/html/ci418/system/Commands/Server/rewrite.php(43): require_once('...')
#9 {main}
CRITICAL - 2022-02-16 18:59:28 --> Call to undefined function img_data()
#0 /var/www/html/ci418/system/View/View.php(210): include()
#1 /var/www/html/ci418/system/View/View.php(213): CodeIgniter\View\View->CodeIgniter\View\{closure}()
#2 /var/www/html/ci418/system/Common.php(1089): CodeIgniter\View\View->render()
#3 /var/www/html/ci418/app/Controllers/Auth.php(22): view()
#4 /var/www/html/ci418/system/CodeIgniter.php(825): App\Controllers\Auth->index()
#5 /var/www/html/ci418/system/CodeIgniter.php(412): CodeIgniter\CodeIgniter->runController()
#6 /var/www/html/ci418/system/CodeIgniter.php(320): CodeIgniter\CodeIgniter->handleRequest()
#7 /var/www/html/ci418/public/index.php(38): CodeIgniter\CodeIgniter->run()
#8 /var/www/html/ci418/system/Commands/Server/rewrite.php(43): require_once('...')
#9 {main}
CRITICAL - 2022-02-16 19:01:22 --> Call to undefined function img()
#0 /var/www/html/ci418/system/View/View.php(210): include()
#1 /var/www/html/ci418/system/View/View.php(213): CodeIgniter\View\View->CodeIgniter\View\{closure}()
#2 /var/www/html/ci418/system/Common.php(1089): CodeIgniter\View\View->render()
#3 /var/www/html/ci418/app/Controllers/Auth.php(22): view()
#4 /var/www/html/ci418/system/CodeIgniter.php(825): App\Controllers\Auth->index()
#5 /var/www/html/ci418/system/CodeIgniter.php(412): CodeIgniter\CodeIgniter->runController()
#6 /var/www/html/ci418/system/CodeIgniter.php(320): CodeIgniter\CodeIgniter->handleRequest()
#7 /var/www/html/ci418/public/index.php(38): CodeIgniter\CodeIgniter->run()
#8 /var/www/html/ci418/system/Commands/Server/rewrite.php(43): require_once('...')
#9 {main}
CRITICAL - 2022-02-16 19:02:08 --> Call to undefined function img()
#0 /var/www/html/ci418/system/View/View.php(210): include()
#1 /var/www/html/ci418/system/View/View.php(213): CodeIgniter\View\View->CodeIgniter\View\{closure}()
#2 /var/www/html/ci418/system/Common.php(1089): CodeIgniter\View\View->render()
#3 /var/www/html/ci418/app/Controllers/Auth.php(22): view()
#4 /var/www/html/ci418/system/CodeIgniter.php(825): App\Controllers\Auth->index()
#5 /var/www/html/ci418/system/CodeIgniter.php(412): CodeIgniter\CodeIgniter->runController()
#6 /var/www/html/ci418/system/CodeIgniter.php(320): CodeIgniter\CodeIgniter->handleRequest()
#7 /var/www/html/ci418/public/index.php(38): CodeIgniter\CodeIgniter->run()
#8 /var/www/html/ci418/system/Commands/Server/rewrite.php(43): require_once('...')
#9 {main}
CRITICAL - 2022-02-16 19:04:58 --> img_data(): Argument #1 ($path) must be of type string, array given, called in /var/www/html/ci418/app/Views/templates/footer.php on line 6
#0 /var/www/html/ci418/app/Views/templates/footer.php(6): img_data()
#1 /var/www/html/ci418/system/View/View.php(210): include('...')
#2 /var/www/html/ci418/system/View/View.php(213): CodeIgniter\View\View->CodeIgniter\View\{closure}()
#3 /var/www/html/ci418/system/Common.php(1089): CodeIgniter\View\View->render()
#4 /var/www/html/ci418/app/Controllers/Auth.php(26): view()
#5 /var/www/html/ci418/system/CodeIgniter.php(825): App\Controllers\Auth->index()
#6 /var/www/html/ci418/system/CodeIgniter.php(412): CodeIgniter\CodeIgniter->runController()
#7 /var/www/html/ci418/system/CodeIgniter.php(320): CodeIgniter\CodeIgniter->handleRequest()
#8 /var/www/html/ci418/public/index.php(38): CodeIgniter\CodeIgniter->run()
#9 /var/www/html/ci418/system/Commands/Server/rewrite.php(43): require_once('...')
#10 {main}
CRITICAL - 2022-02-16 19:09:01 --> img_data(): Argument #1 ($path) must be of type string, array given, called in /var/www/html/ci418/app/Views/templates/footer.php on line 6
#0 /var/www/html/ci418/app/Views/templates/footer.php(6): img_data()
#1 /var/www/html/ci418/system/View/View.php(210): include('...')
#2 /var/www/html/ci418/system/View/View.php(213): CodeIgniter\View\View->CodeIgniter\View\{closure}()
#3 /var/www/html/ci418/system/Common.php(1089): CodeIgniter\View\View->render()
#4 /var/www/html/ci418/app/Controllers/Auth.php(26): view()
#5 /var/www/html/ci418/system/CodeIgniter.php(825): App\Controllers\Auth->index()
#6 /var/www/html/ci418/system/CodeIgniter.php(412): CodeIgniter\CodeIgniter->runController()
#7 /var/www/html/ci418/system/CodeIgniter.php(320): CodeIgniter\CodeIgniter->handleRequest()
#8 /var/www/html/ci418/public/index.php(38): CodeIgniter\CodeIgniter->run()
#9 /var/www/html/ci418/system/Commands/Server/rewrite.php(43): require_once('...')
#10 {main}
CRITICAL - 2022-02-16 19:11:21 --> img(): Argument #2 ($indexPage) must be of type bool, array given, called in /var/www/html/ci418/app/Views/templates/footer.php on line 7
#0 /var/www/html/ci418/app/Views/templates/footer.php(7): img()
#1 /var/www/html/ci418/system/View/View.php(210): include('...')
#2 /var/www/html/ci418/system/View/View.php(213): CodeIgniter\View\View->CodeIgniter\View\{closure}()
#3 /var/www/html/ci418/system/Common.php(1089): CodeIgniter\View\View->render()
#4 /var/www/html/ci418/app/Controllers/Auth.php(26): view()
#5 /var/www/html/ci418/system/CodeIgniter.php(825): App\Controllers\Auth->index()
#6 /var/www/html/ci418/system/CodeIgniter.php(412): CodeIgniter\CodeIgniter->runController()
#7 /var/www/html/ci418/system/CodeIgniter.php(320): CodeIgniter\CodeIgniter->handleRequest()
#8 /var/www/html/ci418/public/index.php(38): CodeIgniter\CodeIgniter->run()
#9 /var/www/html/ci418/system/Commands/Server/rewrite.php(43): require_once('...')
#10 {main}
CRITICAL - 2022-02-16 19:12:49 --> img_data(): Argument #2 ($mime) must be of type ?string, array given, called in /var/www/html/ci418/app/Views/templates/footer.php on line 6
#0 /var/www/html/ci418/app/Views/templates/footer.php(6): img_data()
#1 /var/www/html/ci418/system/View/View.php(210): include('...')
#2 /var/www/html/ci418/system/View/View.php(213): CodeIgniter\View\View->CodeIgniter\View\{closure}()
#3 /var/www/html/ci418/system/Common.php(1089): CodeIgniter\View\View->render()
#4 /var/www/html/ci418/app/Controllers/Auth.php(26): view()
#5 /var/www/html/ci418/system/CodeIgniter.php(825): App\Controllers\Auth->index()
#6 /var/www/html/ci418/system/CodeIgniter.php(412): CodeIgniter\CodeIgniter->runController()
#7 /var/www/html/ci418/system/CodeIgniter.php(320): CodeIgniter\CodeIgniter->handleRequest()
#8 /var/www/html/ci418/public/index.php(38): CodeIgniter\CodeIgniter->run()
#9 /var/www/html/ci418/system/Commands/Server/rewrite.php(43): require_once('...')
#10 {main}
CRITICAL - 2022-02-16 19:15:57 --> img(): Argument #2 ($indexPage) must be of type bool, array given, called in /var/www/html/ci418/app/Views/templates/footer.php on line 6
#0 /var/www/html/ci418/app/Views/templates/footer.php(6): img()
#1 /var/www/html/ci418/system/View/View.php(210): include('...')
#2 /var/www/html/ci418/system/View/View.php(213): CodeIgniter\View\View->CodeIgniter\View\{closure}()
#3 /var/www/html/ci418/system/Common.php(1089): CodeIgniter\View\View->render()
#4 /var/www/html/ci418/app/Controllers/Challenge.php(28): view()
#5 /var/www/html/ci418/system/CodeIgniter.php(825): App\Controllers\Challenge->index()
#6 /var/www/html/ci418/system/CodeIgniter.php(412): CodeIgniter\CodeIgniter->runController()
#7 /var/www/html/ci418/system/CodeIgniter.php(320): CodeIgniter\CodeIgniter->handleRequest()
#8 /var/www/html/ci418/public/index.php(38): CodeIgniter\CodeIgniter->run()
#9 /var/www/html/ci418/system/Commands/Server/rewrite.php(43): require_once('...')
#10 {main}
CRITICAL - 2022-02-16 19:16:07 --> img(): Argument #2 ($indexPage) must be of type bool, array given, called in /var/www/html/ci418/app/Views/templates/footer.php on line 6
#0 /var/www/html/ci418/app/Views/templates/footer.php(6): img()
#1 /var/www/html/ci418/system/View/View.php(210): include('...')
#2 /var/www/html/ci418/system/View/View.php(213): CodeIgniter\View\View->CodeIgniter\View\{closure}()
#3 /var/www/html/ci418/system/Common.php(1089): CodeIgniter\View\View->render()
#4 /var/www/html/ci418/app/Controllers/Challenge.php(155): view()
#5 /var/www/html/ci418/system/CodeIgniter.php(825): App\Controllers\Challenge->roundinfo()
#6 /var/www/html/ci418/system/CodeIgniter.php(412): CodeIgniter\CodeIgniter->runController()
#7 /var/www/html/ci418/system/CodeIgniter.php(320): CodeIgniter\CodeIgniter->handleRequest()
#8 /var/www/html/ci418/public/index.php(38): CodeIgniter\CodeIgniter->run()
#9 /var/www/html/ci418/system/Commands/Server/rewrite.php(43): require_once('...')
#10 {main}
CRITICAL - 2022-02-16 19:16:10 --> img(): Argument #2 ($indexPage) must be of type bool, array given, called in /var/www/html/ci418/app/Views/templates/footer.php on line 6
#0 /var/www/html/ci418/app/Views/templates/footer.php(6): img()
#1 /var/www/html/ci418/system/View/View.php(210): include('...')
#2 /var/www/html/ci418/system/View/View.php(213): CodeIgniter\View\View->CodeIgniter\View\{closure}()
#3 /var/www/html/ci418/system/Common.php(1089): CodeIgniter\View\View->render()
#4 /var/www/html/ci418/app/Controllers/Challenge.php(28): view()
#5 /var/www/html/ci418/system/CodeIgniter.php(825): App\Controllers\Challenge->index()
#6 /var/www/html/ci418/system/CodeIgniter.php(412): CodeIgniter\CodeIgniter->runController()
#7 /var/www/html/ci418/system/CodeIgniter.php(320): CodeIgniter\CodeIgniter->handleRequest()
#8 /var/www/html/ci418/public/index.php(38): CodeIgniter\CodeIgniter->run()
#9 /var/www/html/ci418/system/Commands/Server/rewrite.php(43): require_once('...')
#10 {main}
CRITICAL - 2022-02-16 19:27:08 --> Cannot call constructor
#0 /var/www/html/ci418/system/CodeIgniter.php(802): App\Controllers\Auth->__construct()
#1 /var/www/html/ci418/system/CodeIgniter.php(403): CodeIgniter\CodeIgniter->createController()
#2 /var/www/html/ci418/system/CodeIgniter.php(320): CodeIgniter\CodeIgniter->handleRequest()
#3 /var/www/html/ci418/public/index.php(38): CodeIgniter\CodeIgniter->run()
#4 /var/www/html/ci418/system/Commands/Server/rewrite.php(43): require_once('...')
#5 {main}
CRITICAL - 2022-02-16 19:32:39 --> syntax error, unexpected token "}"
#0 /var/www/html/ci418/system/Autoloader/Autoloader.php(241): CodeIgniter\Autoloader\Autoloader->includeFile()
#1 /var/www/html/ci418/system/Autoloader/Autoloader.php(219): CodeIgniter\Autoloader\Autoloader->loadInNamespace()
#2 [internal function]: CodeIgniter\Autoloader\Autoloader->loadClass()
#3 /var/www/html/ci418/system/CodeIgniter.php(790): class_exists()
#4 /var/www/html/ci418/system/CodeIgniter.php(399): CodeIgniter\CodeIgniter->startController()
#5 /var/www/html/ci418/system/CodeIgniter.php(320): CodeIgniter\CodeIgniter->handleRequest()
#6 /var/www/html/ci418/public/index.php(38): CodeIgniter\CodeIgniter->run()
#7 /var/www/html/ci418/system/Commands/Server/rewrite.php(43): require_once('...')
#8 {main}
CRITICAL - 2022-02-16 19:33:32 --> Unhandled match case NULL
#0 /var/www/html/ci418/system/CodeIgniter.php(825): App\Controllers\Auth->signup()
#1 /var/www/html/ci418/system/CodeIgniter.php(412): CodeIgniter\CodeIgniter->runController()
#2 /var/www/html/ci418/system/CodeIgniter.php(320): CodeIgniter\CodeIgniter->handleRequest()
#3 /var/www/html/ci418/public/index.php(38): CodeIgniter\CodeIgniter->run()
#4 /var/www/html/ci418/system/Commands/Server/rewrite.php(43): require_once('...')
#5 {main}
CRITICAL - 2022-02-16 19:37:55 --> Unhandled match case '...'
#0 /var/www/html/ci418/system/CodeIgniter.php(825): App\Controllers\Auth->signup()
#1 /var/www/html/ci418/system/CodeIgniter.php(412): CodeIgniter\CodeIgniter->runController()
#2 /var/www/html/ci418/system/CodeIgniter.php(320): CodeIgniter\CodeIgniter->handleRequest()
#3 /var/www/html/ci418/public/index.php(38): CodeIgniter\CodeIgniter->run()
#4 /var/www/html/ci418/system/Commands/Server/rewrite.php(43): require_once('...')
#5 {main}
CRITICAL - 2022-02-16 19:39:50 --> Unhandled match case '...'
#0 /var/www/html/ci418/system/CodeIgniter.php(825): App\Controllers\Auth->signup()
#1 /var/www/html/ci418/system/CodeIgniter.php(412): CodeIgniter\CodeIgniter->runController()
#2 /var/www/html/ci418/system/CodeIgniter.php(320): CodeIgniter\CodeIgniter->handleRequest()
#3 /var/www/html/ci418/public/index.php(38): CodeIgniter\CodeIgniter->run()
#4 /var/www/html/ci418/system/Commands/Server/rewrite.php(43): require_once('...')
#5 {main}
CRITICAL - 2022-02-16 19:40:51 --> Unhandled match case '...'
#0 /var/www/html/ci418/system/CodeIgniter.php(825): App\Controllers\Auth->signup()
#1 /var/www/html/ci418/system/CodeIgniter.php(412): CodeIgniter\CodeIgniter->runController()
#2 /var/www/html/ci418/system/CodeIgniter.php(320): CodeIgniter\CodeIgniter->handleRequest()
#3 /var/www/html/ci418/public/index.php(38): CodeIgniter\CodeIgniter->run()
#4 /var/www/html/ci418/system/Commands/Server/rewrite.php(43): require_once('...')
#5 {main}
CRITICAL - 2022-02-16 19:44:43 --> syntax error, unexpected token "echo", expecting ";"
#0 /var/www/html/ci418/system/Router/Router.php(175): CodeIgniter\Router\Router->autoRoute()
#1 /var/www/html/ci418/system/CodeIgniter.php(719): CodeIgniter\Router\Router->handle()
#2 /var/www/html/ci418/system/CodeIgniter.php(361): CodeIgniter\CodeIgniter->tryToRouteIt()
#3 /var/www/html/ci418/system/CodeIgniter.php(320): CodeIgniter\CodeIgniter->handleRequest()
#4 /var/www/html/ci418/public/index.php(38): CodeIgniter\CodeIgniter->run()
#5 /var/www/html/ci418/system/Commands/Server/rewrite.php(43): require_once('...')
#6 {main}
CRITICAL - 2022-02-16 19:57:04 --> syntax error, unexpected token ";"
#0 /var/www/html/ci418/system/Router/Router.php(175): CodeIgniter\Router\Router->autoRoute()
#1 /var/www/html/ci418/system/CodeIgniter.php(719): CodeIgniter\Router\Router->handle()
#2 /var/www/html/ci418/system/CodeIgniter.php(361): CodeIgniter\CodeIgniter->tryToRouteIt()
#3 /var/www/html/ci418/system/CodeIgniter.php(320): CodeIgniter\CodeIgniter->handleRequest()
#4 /var/www/html/ci418/public/index.php(38): CodeIgniter\CodeIgniter->run()
#5 /var/www/html/ci418/system/Commands/Server/rewrite.php(43): require_once('...')
#6 {main}
CRITICAL - 2022-02-16 20:24:02 --> syntax error, unexpected token "=>"
#0 /var/www/html/ci418/system/Router/Router.php(175): CodeIgniter\Router\Router->autoRoute()
#1 /var/www/html/ci418/system/CodeIgniter.php(719): CodeIgniter\Router\Router->handle()
#2 /var/www/html/ci418/system/CodeIgniter.php(361): CodeIgniter\CodeIgniter->tryToRouteIt()
#3 /var/www/html/ci418/system/CodeIgniter.php(320): CodeIgniter\CodeIgniter->handleRequest()
#4 /var/www/html/ci418/public/index.php(38): CodeIgniter\CodeIgniter->run()
#5 /var/www/html/ci418/system/Commands/Server/rewrite.php(43): require_once('...')
#6 {main}
CRITICAL - 2022-02-16 20:25:17 --> syntax error, unexpected single-quoted string "passwd", expecting "]"
#0 /var/www/html/ci418/system/Router/Router.php(175): CodeIgniter\Router\Router->autoRoute()
#1 /var/www/html/ci418/system/CodeIgniter.php(719): CodeIgniter\Router\Router->handle()
#2 /var/www/html/ci418/system/CodeIgniter.php(361): CodeIgniter\CodeIgniter->tryToRouteIt()
#3 /var/www/html/ci418/system/CodeIgniter.php(320): CodeIgniter\CodeIgniter->handleRequest()
#4 /var/www/html/ci418/public/index.php(38): CodeIgniter\CodeIgniter->run()
#5 /var/www/html/ci418/system/Commands/Server/rewrite.php(43): require_once('...')
#6 {main}
CRITICAL - 2022-02-16 20:26:40 --> syntax error, unexpected single-quoted string "passwd", expecting "]"
#0 /var/www/html/ci418/system/Router/Router.php(175): CodeIgniter\Router\Router->autoRoute()
#1 /var/www/html/ci418/system/CodeIgniter.php(719): CodeIgniter\Router\Router->handle()
#2 /var/www/html/ci418/system/CodeIgniter.php(361): CodeIgniter\CodeIgniter->tryToRouteIt()
#3 /var/www/html/ci418/system/CodeIgniter.php(320): CodeIgniter\CodeIgniter->handleRequest()
#4 /var/www/html/ci418/public/index.php(38): CodeIgniter\CodeIgniter->run()
#5 /var/www/html/ci418/system/Commands/Server/rewrite.php(43): require_once('...')
#6 {main}
CRITICAL - 2022-02-16 20:36:06 --> Undefined variable $db
#0 /var/www/html/ci418/app/Controllers/Auth.php(40): CodeIgniter\Debug\Exceptions->errorHandler()
#1 /var/www/html/ci418/system/CodeIgniter.php(825): App\Controllers\Auth->signup()
#2 /var/www/html/ci418/system/CodeIgniter.php(412): CodeIgniter\CodeIgniter->runController()
#3 /var/www/html/ci418/system/CodeIgniter.php(320): CodeIgniter\CodeIgniter->handleRequest()
#4 /var/www/html/ci418/public/index.php(38): CodeIgniter\CodeIgniter->run()
#5 /var/www/html/ci418/system/Commands/Server/rewrite.php(43): require_once('...')
#6 {main}
CRITICAL - 2022-02-16 20:43:46 --> syntax error, unexpected token ";"
#0 /var/www/html/ci418/system/View/View.php(213): CodeIgniter\View\View->CodeIgniter\View\{closure}()
#1 /var/www/html/ci418/system/Common.php(1089): CodeIgniter\View\View->render()
#2 /var/www/html/ci418/app/Controllers/Auth.php(24): view()
#3 /var/www/html/ci418/system/CodeIgniter.php(825): App\Controllers\Auth->index()
#4 /var/www/html/ci418/system/CodeIgniter.php(412): CodeIgniter\CodeIgniter->runController()
#5 /var/www/html/ci418/system/CodeIgniter.php(320): CodeIgniter\CodeIgniter->handleRequest()
#6 /var/www/html/ci418/public/index.php(38): CodeIgniter\CodeIgniter->run()
#7 /var/www/html/ci418/system/Commands/Server/rewrite.php(43): require_once('...')
#8 {main}
CRITICAL - 2022-02-16 20:44:27 --> syntax error, unexpected token ";"
#0 /var/www/html/ci418/system/View/View.php(213): CodeIgniter\View\View->CodeIgniter\View\{closure}()
#1 /var/www/html/ci418/system/Common.php(1089): CodeIgniter\View\View->render()
#2 /var/www/html/ci418/app/Controllers/Auth.php(24): view()
#3 /var/www/html/ci418/system/CodeIgniter.php(825): App\Controllers\Auth->index()
#4 /var/www/html/ci418/system/CodeIgniter.php(412): CodeIgniter\CodeIgniter->runController()
#5 /var/www/html/ci418/system/CodeIgniter.php(320): CodeIgniter\CodeIgniter->handleRequest()
#6 /var/www/html/ci418/public/index.php(38): CodeIgniter\CodeIgniter->run()
#7 /var/www/html/ci418/system/Commands/Server/rewrite.php(43): require_once('...')
#8 {main}
CRITICAL - 2022-02-16 20:44:46 --> syntax error, unexpected token ";"
#0 /var/www/html/ci418/system/View/View.php(213): CodeIgniter\View\View->CodeIgniter\View\{closure}()
#1 /var/www/html/ci418/system/Common.php(1089): CodeIgniter\View\View->render()
#2 /var/www/html/ci418/app/Controllers/Auth.php(24): view()
#3 /var/www/html/ci418/system/CodeIgniter.php(825): App\Controllers\Auth->index()
#4 /var/www/html/ci418/system/CodeIgniter.php(412): CodeIgniter\CodeIgniter->runController()
#5 /var/www/html/ci418/system/CodeIgniter.php(320): CodeIgniter\CodeIgniter->handleRequest()
#6 /var/www/html/ci418/public/index.php(38): CodeIgniter\CodeIgniter->run()
#7 /var/www/html/ci418/system/Commands/Server/rewrite.php(43): require_once('...')
#8 {main}
CRITICAL - 2022-02-16 20:44:54 --> syntax error, unexpected token ";"
#0 /var/www/html/ci418/system/View/View.php(213): CodeIgniter\View\View->CodeIgniter\View\{closure}()
#1 /var/www/html/ci418/system/Common.php(1089): CodeIgniter\View\View->render()
#2 /var/www/html/ci418/app/Controllers/Auth.php(24): view()
#3 /var/www/html/ci418/system/CodeIgniter.php(825): App\Controllers\Auth->index()
#4 /var/www/html/ci418/system/CodeIgniter.php(412): CodeIgniter\CodeIgniter->runController()
#5 /var/www/html/ci418/system/CodeIgniter.php(320): CodeIgniter\CodeIgniter->handleRequest()
#6 /var/www/html/ci418/public/index.php(38): CodeIgniter\CodeIgniter->run()
#7 /var/www/html/ci418/system/Commands/Server/rewrite.php(43): require_once('...')
#8 {main}
CRITICAL - 2022-02-16 20:45:05 --> syntax error, unexpected token ";"
#0 /var/www/html/ci418/system/View/View.php(213): CodeIgniter\View\View->CodeIgniter\View\{closure}()
#1 /var/www/html/ci418/system/Common.php(1089): CodeIgniter\View\View->render()
#2 /var/www/html/ci418/app/Controllers/Auth.php(24): view()
#3 /var/www/html/ci418/system/CodeIgniter.php(825): App\Controllers\Auth->index()
#4 /var/www/html/ci418/system/CodeIgniter.php(412): CodeIgniter\CodeIgniter->runController()
#5 /var/www/html/ci418/system/CodeIgniter.php(320): CodeIgniter\CodeIgniter->handleRequest()
#6 /var/www/html/ci418/public/index.php(38): CodeIgniter\CodeIgniter->run()
#7 /var/www/html/ci418/system/Commands/Server/rewrite.php(43): require_once('...')
#8 {main}
