ERROR - 2022-02-14 00:59:12 --> You have an error in your SQL syntax; check the manual that corresponds to your MariaDB server version for the right syntax to use near '' at line 1
CRITICAL - 2022-02-14 00:59:12 --> You have an error in your SQL syntax; check the manual that corresponds to your MariaDB server version for the right syntax to use near '' at line 1
#0 /var/www/html/ci418/system/Database/MySQLi/Connection.php(292): mysqli->query()
#1 /var/www/html/ci418/system/Database/BaseConnection.php(670): CodeIgniter\Database\MySQLi\Connection->execute()
#2 /var/www/html/ci418/system/Database/BaseConnection.php(598): CodeIgniter\Database\BaseConnection->simpleQuery()
#3 /var/www/html/ci418/app/Controllers/Challenge.php(133): CodeIgniter\Database\BaseConnection->query()
#4 /var/www/html/ci418/system/CodeIgniter.php(825): App\Controllers\Challenge->basicForm()
#5 /var/www/html/ci418/system/CodeIgniter.php(412): CodeIgniter\CodeIgniter->runController()
#6 /var/www/html/ci418/system/CodeIgniter.php(320): CodeIgniter\CodeIgniter->handleRequest()
#7 /var/www/html/ci418/public/index.php(38): CodeIgniter\CodeIgniter->run()
#8 /var/www/html/ci418/system/Commands/Server/rewrite.php(43): require_once('...')
#9 {main}
ERROR - 2022-02-14 00:59:28 --> You have an error in your SQL syntax; check the manual that corresponds to your MariaDB server version for the right syntax to use near '' at line 1
CRITICAL - 2022-02-14 00:59:28 --> You have an error in your SQL syntax; check the manual that corresponds to your MariaDB server version for the right syntax to use near '' at line 1
#0 /var/www/html/ci418/system/Database/MySQLi/Connection.php(292): mysqli->query()
#1 /var/www/html/ci418/system/Database/BaseConnection.php(670): CodeIgniter\Database\MySQLi\Connection->execute()
#2 /var/www/html/ci418/system/Database/BaseConnection.php(598): CodeIgniter\Database\BaseConnection->simpleQuery()
#3 /var/www/html/ci418/app/Controllers/Challenge.php(133): CodeIgniter\Database\BaseConnection->query()
#4 /var/www/html/ci418/system/CodeIgniter.php(825): App\Controllers\Challenge->basicForm()
#5 /var/www/html/ci418/system/CodeIgniter.php(412): CodeIgniter\CodeIgniter->runController()
#6 /var/www/html/ci418/system/CodeIgniter.php(320): CodeIgniter\CodeIgniter->handleRequest()
#7 /var/www/html/ci418/public/index.php(38): CodeIgniter\CodeIgniter->run()
#8 /var/www/html/ci418/system/Commands/Server/rewrite.php(43): require_once('...')
#9 {main}
ERROR - 2022-02-14 00:59:32 --> You have an error in your SQL syntax; check the manual that corresponds to your MariaDB server version for the right syntax to use near '' at line 1
CRITICAL - 2022-02-14 00:59:32 --> You have an error in your SQL syntax; check the manual that corresponds to your MariaDB server version for the right syntax to use near '' at line 1
#0 /var/www/html/ci418/system/Database/MySQLi/Connection.php(292): mysqli->query()
#1 /var/www/html/ci418/system/Database/BaseConnection.php(670): CodeIgniter\Database\MySQLi\Connection->execute()
#2 /var/www/html/ci418/system/Database/BaseConnection.php(598): CodeIgniter\Database\BaseConnection->simpleQuery()
#3 /var/www/html/ci418/app/Controllers/Challenge.php(133): CodeIgniter\Database\BaseConnection->query()
#4 /var/www/html/ci418/system/CodeIgniter.php(825): App\Controllers\Challenge->basicForm()
#5 /var/www/html/ci418/system/CodeIgniter.php(412): CodeIgniter\CodeIgniter->runController()
#6 /var/www/html/ci418/system/CodeIgniter.php(320): CodeIgniter\CodeIgniter->handleRequest()
#7 /var/www/html/ci418/public/index.php(38): CodeIgniter\CodeIgniter->run()
#8 /var/www/html/ci418/system/Commands/Server/rewrite.php(43): require_once('...')
#9 {main}
ERROR - 2022-02-14 01:02:23 --> You have an error in your SQL syntax; check the manual that corresponds to your MariaDB server version for the right syntax to use near '' at line 1
CRITICAL - 2022-02-14 01:02:23 --> You have an error in your SQL syntax; check the manual that corresponds to your MariaDB server version for the right syntax to use near '' at line 1
#0 /var/www/html/ci418/system/Database/MySQLi/Connection.php(292): mysqli->query()
#1 /var/www/html/ci418/system/Database/BaseConnection.php(670): CodeIgniter\Database\MySQLi\Connection->execute()
#2 /var/www/html/ci418/system/Database/BaseConnection.php(598): CodeIgniter\Database\BaseConnection->simpleQuery()
#3 /var/www/html/ci418/app/Controllers/Challenge.php(133): CodeIgniter\Database\BaseConnection->query()
#4 /var/www/html/ci418/system/CodeIgniter.php(825): App\Controllers\Challenge->basicForm()
#5 /var/www/html/ci418/system/CodeIgniter.php(412): CodeIgniter\CodeIgniter->runController()
#6 /var/www/html/ci418/system/CodeIgniter.php(320): CodeIgniter\CodeIgniter->handleRequest()
#7 /var/www/html/ci418/public/index.php(38): CodeIgniter\CodeIgniter->run()
#8 /var/www/html/ci418/system/Commands/Server/rewrite.php(43): require_once('...')
#9 {main}
CRITICAL - 2022-02-14 01:04:19 --> Too few arguments to function App\Controllers\Challenge::basicForm(), 0 passed in /var/www/html/ci418/system/CodeIgniter.php on line 825 and at least 1 expected
#0 /var/www/html/ci418/system/CodeIgniter.php(825): App\Controllers\Challenge->basicForm()
#1 /var/www/html/ci418/system/CodeIgniter.php(412): CodeIgniter\CodeIgniter->runController()
#2 /var/www/html/ci418/system/CodeIgniter.php(320): CodeIgniter\CodeIgniter->handleRequest()
#3 /var/www/html/ci418/public/index.php(38): CodeIgniter\CodeIgniter->run()
#4 /var/www/html/ci418/system/Commands/Server/rewrite.php(43): require_once('...')
#5 {main}
ERROR - 2022-02-14 01:04:37 --> You have an error in your SQL syntax; check the manual that corresponds to your MariaDB server version for the right syntax to use near '' at line 1
CRITICAL - 2022-02-14 01:04:37 --> You have an error in your SQL syntax; check the manual that corresponds to your MariaDB server version for the right syntax to use near '' at line 1
#0 /var/www/html/ci418/system/Database/MySQLi/Connection.php(292): mysqli->query()
#1 /var/www/html/ci418/system/Database/BaseConnection.php(670): CodeIgniter\Database\MySQLi\Connection->execute()
#2 /var/www/html/ci418/system/Database/BaseConnection.php(598): CodeIgniter\Database\BaseConnection->simpleQuery()
#3 /var/www/html/ci418/app/Controllers/Challenge.php(133): CodeIgniter\Database\BaseConnection->query()
#4 /var/www/html/ci418/system/CodeIgniter.php(825): App\Controllers\Challenge->basicForm()
#5 /var/www/html/ci418/system/CodeIgniter.php(412): CodeIgniter\CodeIgniter->runController()
#6 /var/www/html/ci418/system/CodeIgniter.php(320): CodeIgniter\CodeIgniter->handleRequest()
#7 /var/www/html/ci418/public/index.php(38): CodeIgniter\CodeIgniter->run()
#8 /var/www/html/ci418/system/Commands/Server/rewrite.php(43): require_once('...')
#9 {main}
ERROR - 2022-02-14 01:06:57 --> You have an error in your SQL syntax; check the manual that corresponds to your MariaDB server version for the right syntax to use near '' at line 1
CRITICAL - 2022-02-14 01:06:57 --> You have an error in your SQL syntax; check the manual that corresponds to your MariaDB server version for the right syntax to use near '' at line 1
#0 /var/www/html/ci418/system/Database/MySQLi/Connection.php(292): mysqli->query()
#1 /var/www/html/ci418/system/Database/BaseConnection.php(670): CodeIgniter\Database\MySQLi\Connection->execute()
#2 /var/www/html/ci418/system/Database/BaseConnection.php(598): CodeIgniter\Database\BaseConnection->simpleQuery()
#3 /var/www/html/ci418/app/Controllers/Challenge.php(133): CodeIgniter\Database\BaseConnection->query()
#4 /var/www/html/ci418/system/CodeIgniter.php(825): App\Controllers\Challenge->basicForm()
#5 /var/www/html/ci418/system/CodeIgniter.php(412): CodeIgniter\CodeIgniter->runController()
#6 /var/www/html/ci418/system/CodeIgniter.php(320): CodeIgniter\CodeIgniter->handleRequest()
#7 /var/www/html/ci418/public/index.php(38): CodeIgniter\CodeIgniter->run()
#8 /var/www/html/ci418/system/Commands/Server/rewrite.php(43): require_once('...')
#9 {main}
ERROR - 2022-02-14 01:09:59 --> You have an error in your SQL syntax; check the manual that corresponds to your MariaDB server version for the right syntax to use near '' at line 1
CRITICAL - 2022-02-14 01:09:59 --> You have an error in your SQL syntax; check the manual that corresponds to your MariaDB server version for the right syntax to use near '' at line 1
#0 /var/www/html/ci418/system/Database/MySQLi/Connection.php(292): mysqli->query()
#1 /var/www/html/ci418/system/Database/BaseConnection.php(670): CodeIgniter\Database\MySQLi\Connection->execute()
#2 /var/www/html/ci418/system/Database/BaseConnection.php(598): CodeIgniter\Database\BaseConnection->simpleQuery()
#3 /var/www/html/ci418/app/Controllers/Challenge.php(133): CodeIgniter\Database\BaseConnection->query()
#4 /var/www/html/ci418/system/CodeIgniter.php(825): App\Controllers\Challenge->basicForm()
#5 /var/www/html/ci418/system/CodeIgniter.php(412): CodeIgniter\CodeIgniter->runController()
#6 /var/www/html/ci418/system/CodeIgniter.php(320): CodeIgniter\CodeIgniter->handleRequest()
#7 /var/www/html/ci418/public/index.php(38): CodeIgniter\CodeIgniter->run()
#8 /var/www/html/ci418/system/Commands/Server/rewrite.php(43): require_once('...')
#9 {main}
ERROR - 2022-02-14 01:16:08 --> You have an error in your SQL syntax; check the manual that corresponds to your MariaDB server version for the right syntax to use near '' at line 1
CRITICAL - 2022-02-14 01:16:08 --> You have an error in your SQL syntax; check the manual that corresponds to your MariaDB server version for the right syntax to use near '' at line 1
#0 /var/www/html/ci418/system/Database/MySQLi/Connection.php(292): mysqli->query()
#1 /var/www/html/ci418/system/Database/BaseConnection.php(670): CodeIgniter\Database\MySQLi\Connection->execute()
#2 /var/www/html/ci418/system/Database/BaseConnection.php(598): CodeIgniter\Database\BaseConnection->simpleQuery()
#3 /var/www/html/ci418/app/Controllers/Challenge.php(133): CodeIgniter\Database\BaseConnection->query()
#4 /var/www/html/ci418/system/CodeIgniter.php(825): App\Controllers\Challenge->basicForm()
#5 /var/www/html/ci418/system/CodeIgniter.php(412): CodeIgniter\CodeIgniter->runController()
#6 /var/www/html/ci418/system/CodeIgniter.php(320): CodeIgniter\CodeIgniter->handleRequest()
#7 /var/www/html/ci418/public/index.php(38): CodeIgniter\CodeIgniter->run()
#8 /var/www/html/ci418/system/Commands/Server/rewrite.php(43): require_once('...')
#9 {main}
ERROR - 2022-02-14 01:17:56 --> You have an error in your SQL syntax; check the manual that corresponds to your MariaDB server version for the right syntax to use near '' at line 1
CRITICAL - 2022-02-14 01:17:56 --> You have an error in your SQL syntax; check the manual that corresponds to your MariaDB server version for the right syntax to use near '' at line 1
#0 /var/www/html/ci418/system/Database/MySQLi/Connection.php(292): mysqli->query()
#1 /var/www/html/ci418/system/Database/BaseConnection.php(670): CodeIgniter\Database\MySQLi\Connection->execute()
#2 /var/www/html/ci418/system/Database/BaseConnection.php(598): CodeIgniter\Database\BaseConnection->simpleQuery()
#3 /var/www/html/ci418/app/Controllers/Challenge.php(133): CodeIgniter\Database\BaseConnection->query()
#4 /var/www/html/ci418/system/CodeIgniter.php(825): App\Controllers\Challenge->basicForm()
#5 /var/www/html/ci418/system/CodeIgniter.php(412): CodeIgniter\CodeIgniter->runController()
#6 /var/www/html/ci418/system/CodeIgniter.php(320): CodeIgniter\CodeIgniter->handleRequest()
#7 /var/www/html/ci418/public/index.php(38): CodeIgniter\CodeIgniter->run()
#8 /var/www/html/ci418/system/Commands/Server/rewrite.php(43): require_once('...')
#9 {main}
ERROR - 2022-02-14 01:18:52 --> You have an error in your SQL syntax; check the manual that corresponds to your MariaDB server version for the right syntax to use near '' at line 1
CRITICAL - 2022-02-14 01:18:52 --> You have an error in your SQL syntax; check the manual that corresponds to your MariaDB server version for the right syntax to use near '' at line 1
#0 /var/www/html/ci418/system/Database/MySQLi/Connection.php(292): mysqli->query()
#1 /var/www/html/ci418/system/Database/BaseConnection.php(670): CodeIgniter\Database\MySQLi\Connection->execute()
#2 /var/www/html/ci418/system/Database/BaseConnection.php(598): CodeIgniter\Database\BaseConnection->simpleQuery()
#3 /var/www/html/ci418/app/Controllers/Challenge.php(133): CodeIgniter\Database\BaseConnection->query()
#4 /var/www/html/ci418/system/CodeIgniter.php(825): App\Controllers\Challenge->basicForm()
#5 /var/www/html/ci418/system/CodeIgniter.php(412): CodeIgniter\CodeIgniter->runController()
#6 /var/www/html/ci418/system/CodeIgniter.php(320): CodeIgniter\CodeIgniter->handleRequest()
#7 /var/www/html/ci418/public/index.php(38): CodeIgniter\CodeIgniter->run()
#8 /var/www/html/ci418/system/Commands/Server/rewrite.php(43): require_once('...')
#9 {main}
CRITICAL - 2022-02-14 01:21:28 --> Undefined property: mysqli::$title
#0 /var/www/html/ci418/app/Views/challenge/index.php(6): CodeIgniter\Debug\Exceptions->errorHandler()
#1 /var/www/html/ci418/system/View/View.php(210): include('...')
#2 /var/www/html/ci418/system/View/View.php(213): CodeIgniter\View\View->CodeIgniter\View\{closure}()
#3 /var/www/html/ci418/system/Common.php(1089): CodeIgniter\View\View->render()
#4 /var/www/html/ci418/app/Controllers/Challenge.php(26): view()
#5 /var/www/html/ci418/system/CodeIgniter.php(825): App\Controllers\Challenge->index()
#6 /var/www/html/ci418/system/CodeIgniter.php(412): CodeIgniter\CodeIgniter->runController()
#7 /var/www/html/ci418/system/CodeIgniter.php(320): CodeIgniter\CodeIgniter->handleRequest()
#8 /var/www/html/ci418/public/index.php(38): CodeIgniter\CodeIgniter->run()
#9 /var/www/html/ci418/system/Commands/Server/rewrite.php(43): require_once('...')
#10 {main}
ERROR - 2022-02-14 01:23:23 --> You have an error in your SQL syntax; check the manual that corresponds to your MariaDB server version for the right syntax to use near '' at line 1
CRITICAL - 2022-02-14 01:23:23 --> You have an error in your SQL syntax; check the manual that corresponds to your MariaDB server version for the right syntax to use near '' at line 1
#0 /var/www/html/ci418/system/Database/MySQLi/Connection.php(292): mysqli->query()
#1 /var/www/html/ci418/system/Database/BaseConnection.php(670): CodeIgniter\Database\MySQLi\Connection->execute()
#2 /var/www/html/ci418/system/Database/BaseConnection.php(598): CodeIgniter\Database\BaseConnection->simpleQuery()
#3 /var/www/html/ci418/app/Controllers/Challenge.php(133): CodeIgniter\Database\BaseConnection->query()
#4 /var/www/html/ci418/system/CodeIgniter.php(825): App\Controllers\Challenge->basicForm()
#5 /var/www/html/ci418/system/CodeIgniter.php(412): CodeIgniter\CodeIgniter->runController()
#6 /var/www/html/ci418/system/CodeIgniter.php(320): CodeIgniter\CodeIgniter->handleRequest()
#7 /var/www/html/ci418/public/index.php(38): CodeIgniter\CodeIgniter->run()
#8 /var/www/html/ci418/system/Commands/Server/rewrite.php(43): require_once('...')
#9 {main}
ERROR - 2022-02-14 01:24:38 --> You have an error in your SQL syntax; check the manual that corresponds to your MariaDB server version for the right syntax to use near '' at line 1
CRITICAL - 2022-02-14 01:24:38 --> You have an error in your SQL syntax; check the manual that corresponds to your MariaDB server version for the right syntax to use near '' at line 1
#0 /var/www/html/ci418/system/Database/MySQLi/Connection.php(292): mysqli->query()
#1 /var/www/html/ci418/system/Database/BaseConnection.php(670): CodeIgniter\Database\MySQLi\Connection->execute()
#2 /var/www/html/ci418/system/Database/BaseConnection.php(598): CodeIgniter\Database\BaseConnection->simpleQuery()
#3 /var/www/html/ci418/app/Controllers/Challenge.php(133): CodeIgniter\Database\BaseConnection->query()
#4 /var/www/html/ci418/system/CodeIgniter.php(825): App\Controllers\Challenge->basicForm()
#5 /var/www/html/ci418/system/CodeIgniter.php(412): CodeIgniter\CodeIgniter->runController()
#6 /var/www/html/ci418/system/CodeIgniter.php(320): CodeIgniter\CodeIgniter->handleRequest()
#7 /var/www/html/ci418/public/index.php(38): CodeIgniter\CodeIgniter->run()
#8 /var/www/html/ci418/system/Commands/Server/rewrite.php(43): require_once('...')
#9 {main}
ERROR - 2022-02-14 01:24:46 --> You have an error in your SQL syntax; check the manual that corresponds to your MariaDB server version for the right syntax to use near '' at line 1
CRITICAL - 2022-02-14 01:24:46 --> You have an error in your SQL syntax; check the manual that corresponds to your MariaDB server version for the right syntax to use near '' at line 1
#0 /var/www/html/ci418/system/Database/MySQLi/Connection.php(292): mysqli->query()
#1 /var/www/html/ci418/system/Database/BaseConnection.php(670): CodeIgniter\Database\MySQLi\Connection->execute()
#2 /var/www/html/ci418/system/Database/BaseConnection.php(598): CodeIgniter\Database\BaseConnection->simpleQuery()
#3 /var/www/html/ci418/app/Controllers/Challenge.php(133): CodeIgniter\Database\BaseConnection->query()
#4 /var/www/html/ci418/system/CodeIgniter.php(825): App\Controllers\Challenge->basicForm()
#5 /var/www/html/ci418/system/CodeIgniter.php(412): CodeIgniter\CodeIgniter->runController()
#6 /var/www/html/ci418/system/CodeIgniter.php(320): CodeIgniter\CodeIgniter->handleRequest()
#7 /var/www/html/ci418/public/index.php(38): CodeIgniter\CodeIgniter->run()
#8 /var/www/html/ci418/system/Commands/Server/rewrite.php(43): require_once('...')
#9 {main}
ERROR - 2022-02-14 01:26:41 --> You have an error in your SQL syntax; check the manual that corresponds to your MariaDB server version for the right syntax to use near '' at line 1
CRITICAL - 2022-02-14 01:26:41 --> You have an error in your SQL syntax; check the manual that corresponds to your MariaDB server version for the right syntax to use near '' at line 1
#0 /var/www/html/ci418/system/Database/MySQLi/Connection.php(292): mysqli->query()
#1 /var/www/html/ci418/system/Database/BaseConnection.php(670): CodeIgniter\Database\MySQLi\Connection->execute()
#2 /var/www/html/ci418/system/Database/BaseConnection.php(598): CodeIgniter\Database\BaseConnection->simpleQuery()
#3 /var/www/html/ci418/app/Controllers/Challenge.php(133): CodeIgniter\Database\BaseConnection->query()
#4 /var/www/html/ci418/system/CodeIgniter.php(825): App\Controllers\Challenge->basicForm()
#5 /var/www/html/ci418/system/CodeIgniter.php(412): CodeIgniter\CodeIgniter->runController()
#6 /var/www/html/ci418/system/CodeIgniter.php(320): CodeIgniter\CodeIgniter->handleRequest()
#7 /var/www/html/ci418/public/index.php(38): CodeIgniter\CodeIgniter->run()
#8 /var/www/html/ci418/system/Commands/Server/rewrite.php(43): require_once('...')
#9 {main}
ERROR - 2022-02-14 01:26:42 --> You have an error in your SQL syntax; check the manual that corresponds to your MariaDB server version for the right syntax to use near '' at line 1
CRITICAL - 2022-02-14 01:26:42 --> You have an error in your SQL syntax; check the manual that corresponds to your MariaDB server version for the right syntax to use near '' at line 1
#0 /var/www/html/ci418/system/Database/MySQLi/Connection.php(292): mysqli->query()
#1 /var/www/html/ci418/system/Database/BaseConnection.php(670): CodeIgniter\Database\MySQLi\Connection->execute()
#2 /var/www/html/ci418/system/Database/BaseConnection.php(598): CodeIgniter\Database\BaseConnection->simpleQuery()
#3 /var/www/html/ci418/app/Controllers/Challenge.php(133): CodeIgniter\Database\BaseConnection->query()
#4 /var/www/html/ci418/system/CodeIgniter.php(825): App\Controllers\Challenge->basicForm()
#5 /var/www/html/ci418/system/CodeIgniter.php(412): CodeIgniter\CodeIgniter->runController()
#6 /var/www/html/ci418/system/CodeIgniter.php(320): CodeIgniter\CodeIgniter->handleRequest()
#7 /var/www/html/ci418/public/index.php(38): CodeIgniter\CodeIgniter->run()
#8 /var/www/html/ci418/system/Commands/Server/rewrite.php(43): require_once('...')
#9 {main}
ERROR - 2022-02-14 01:26:42 --> You have an error in your SQL syntax; check the manual that corresponds to your MariaDB server version for the right syntax to use near '' at line 1
CRITICAL - 2022-02-14 01:26:42 --> You have an error in your SQL syntax; check the manual that corresponds to your MariaDB server version for the right syntax to use near '' at line 1
#0 /var/www/html/ci418/system/Database/MySQLi/Connection.php(292): mysqli->query()
#1 /var/www/html/ci418/system/Database/BaseConnection.php(670): CodeIgniter\Database\MySQLi\Connection->execute()
#2 /var/www/html/ci418/system/Database/BaseConnection.php(598): CodeIgniter\Database\BaseConnection->simpleQuery()
#3 /var/www/html/ci418/app/Controllers/Challenge.php(133): CodeIgniter\Database\BaseConnection->query()
#4 /var/www/html/ci418/system/CodeIgniter.php(825): App\Controllers\Challenge->basicForm()
#5 /var/www/html/ci418/system/CodeIgniter.php(412): CodeIgniter\CodeIgniter->runController()
#6 /var/www/html/ci418/system/CodeIgniter.php(320): CodeIgniter\CodeIgniter->handleRequest()
#7 /var/www/html/ci418/public/index.php(38): CodeIgniter\CodeIgniter->run()
#8 /var/www/html/ci418/system/Commands/Server/rewrite.php(43): require_once('...')
#9 {main}
ERROR - 2022-02-14 01:26:42 --> You have an error in your SQL syntax; check the manual that corresponds to your MariaDB server version for the right syntax to use near '' at line 1
CRITICAL - 2022-02-14 01:26:42 --> You have an error in your SQL syntax; check the manual that corresponds to your MariaDB server version for the right syntax to use near '' at line 1
#0 /var/www/html/ci418/system/Database/MySQLi/Connection.php(292): mysqli->query()
#1 /var/www/html/ci418/system/Database/BaseConnection.php(670): CodeIgniter\Database\MySQLi\Connection->execute()
#2 /var/www/html/ci418/system/Database/BaseConnection.php(598): CodeIgniter\Database\BaseConnection->simpleQuery()
#3 /var/www/html/ci418/app/Controllers/Challenge.php(133): CodeIgniter\Database\BaseConnection->query()
#4 /var/www/html/ci418/system/CodeIgniter.php(825): App\Controllers\Challenge->basicForm()
#5 /var/www/html/ci418/system/CodeIgniter.php(412): CodeIgniter\CodeIgniter->runController()
#6 /var/www/html/ci418/system/CodeIgniter.php(320): CodeIgniter\CodeIgniter->handleRequest()
#7 /var/www/html/ci418/public/index.php(38): CodeIgniter\CodeIgniter->run()
#8 /var/www/html/ci418/system/Commands/Server/rewrite.php(43): require_once('...')
#9 {main}
CRITICAL - 2022-02-14 01:27:08 --> Undefined variable $query
#0 /var/www/html/ci418/app/Views/challenge/registration.php(17): CodeIgniter\Debug\Exceptions->errorHandler()
#1 /var/www/html/ci418/system/View/View.php(210): include('...')
#2 /var/www/html/ci418/system/View/View.php(213): CodeIgniter\View\View->CodeIgniter\View\{closure}()
#3 /var/www/html/ci418/system/Common.php(1089): CodeIgniter\View\View->render()
#4 /var/www/html/ci418/app/Controllers/Challenge.php(136): view()
#5 /var/www/html/ci418/system/CodeIgniter.php(825): App\Controllers\Challenge->basicForm()
#6 /var/www/html/ci418/system/CodeIgniter.php(412): CodeIgniter\CodeIgniter->runController()
#7 /var/www/html/ci418/system/CodeIgniter.php(320): CodeIgniter\CodeIgniter->handleRequest()
#8 /var/www/html/ci418/public/index.php(38): CodeIgniter\CodeIgniter->run()
#9 /var/www/html/ci418/system/Commands/Server/rewrite.php(43): require_once('...')
#10 {main}
ERROR - 2022-02-14 01:31:49 --> Unknown column 'basicinfo.deleted_at' in 'where clause'
CRITICAL - 2022-02-14 01:31:49 --> Unknown column 'basicinfo.deleted_at' in 'where clause'
#0 /var/www/html/ci418/system/Database/MySQLi/Connection.php(292): mysqli->query()
#1 /var/www/html/ci418/system/Database/BaseConnection.php(670): CodeIgniter\Database\MySQLi\Connection->execute()
#2 /var/www/html/ci418/system/Database/BaseConnection.php(598): CodeIgniter\Database\BaseConnection->simpleQuery()
#3 /var/www/html/ci418/system/Database/BaseBuilder.php(1455): CodeIgniter\Database\BaseConnection->query()
#4 /var/www/html/ci418/system/Model.php(142): CodeIgniter\Database\BaseBuilder->get()
#5 /var/www/html/ci418/system/BaseModel.php(523): CodeIgniter\Model->doFind()
#6 /var/www/html/ci418/app/Controllers/Challenge.php(136): CodeIgniter\BaseModel->find()
#7 /var/www/html/ci418/system/CodeIgniter.php(825): App\Controllers\Challenge->basicForm()
#8 /var/www/html/ci418/system/CodeIgniter.php(412): CodeIgniter\CodeIgniter->runController()
#9 /var/www/html/ci418/system/CodeIgniter.php(320): CodeIgniter\CodeIgniter->handleRequest()
#10 /var/www/html/ci418/public/index.php(38): CodeIgniter\CodeIgniter->run()
#11 /var/www/html/ci418/system/Commands/Server/rewrite.php(43): require_once('...')
#12 {main}
CRITICAL - 2022-02-14 01:34:58 --> Undefined property: mysqli::$title
#0 /var/www/html/ci418/app/Views/challenge/registration.php(19): CodeIgniter\Debug\Exceptions->errorHandler()
#1 /var/www/html/ci418/system/View/View.php(210): include('...')
#2 /var/www/html/ci418/system/View/View.php(213): CodeIgniter\View\View->CodeIgniter\View\{closure}()
#3 /var/www/html/ci418/system/Common.php(1089): CodeIgniter\View\View->render()
#4 /var/www/html/ci418/app/Controllers/Challenge.php(136): view()
#5 /var/www/html/ci418/system/CodeIgniter.php(825): App\Controllers\Challenge->basicForm()
#6 /var/www/html/ci418/system/CodeIgniter.php(412): CodeIgniter\CodeIgniter->runController()
#7 /var/www/html/ci418/system/CodeIgniter.php(320): CodeIgniter\CodeIgniter->handleRequest()
#8 /var/www/html/ci418/public/index.php(38): CodeIgniter\CodeIgniter->run()
#9 /var/www/html/ci418/system/Commands/Server/rewrite.php(43): require_once('...')
#10 {main}
CRITICAL - 2022-02-14 01:35:59 --> Undefined property: mysqli::$title
#0 /var/www/html/ci418/app/Views/challenge/registration.php(19): CodeIgniter\Debug\Exceptions->errorHandler()
#1 /var/www/html/ci418/system/View/View.php(210): include('...')
#2 /var/www/html/ci418/system/View/View.php(213): CodeIgniter\View\View->CodeIgniter\View\{closure}()
#3 /var/www/html/ci418/system/Common.php(1089): CodeIgniter\View\View->render()
#4 /var/www/html/ci418/app/Controllers/Challenge.php(136): view()
#5 /var/www/html/ci418/system/CodeIgniter.php(825): App\Controllers\Challenge->basicForm()
#6 /var/www/html/ci418/system/CodeIgniter.php(412): CodeIgniter\CodeIgniter->runController()
#7 /var/www/html/ci418/system/CodeIgniter.php(320): CodeIgniter\CodeIgniter->handleRequest()
#8 /var/www/html/ci418/public/index.php(38): CodeIgniter\CodeIgniter->run()
#9 /var/www/html/ci418/system/Commands/Server/rewrite.php(43): require_once('...')
#10 {main}
CRITICAL - 2022-02-14 01:36:50 --> Undefined property: mysqli::$title
#0 /var/www/html/ci418/app/Views/challenge/registration.php(20): CodeIgniter\Debug\Exceptions->errorHandler()
#1 /var/www/html/ci418/system/View/View.php(210): include('...')
#2 /var/www/html/ci418/system/View/View.php(213): CodeIgniter\View\View->CodeIgniter\View\{closure}()
#3 /var/www/html/ci418/system/Common.php(1089): CodeIgniter\View\View->render()
#4 /var/www/html/ci418/app/Controllers/Challenge.php(136): view()
#5 /var/www/html/ci418/system/CodeIgniter.php(825): App\Controllers\Challenge->basicForm()
#6 /var/www/html/ci418/system/CodeIgniter.php(412): CodeIgniter\CodeIgniter->runController()
#7 /var/www/html/ci418/system/CodeIgniter.php(320): CodeIgniter\CodeIgniter->handleRequest()
#8 /var/www/html/ci418/public/index.php(38): CodeIgniter\CodeIgniter->run()
#9 /var/www/html/ci418/system/Commands/Server/rewrite.php(43): require_once('...')
#10 {main}
CRITICAL - 2022-02-14 01:37:04 --> Undefined property: mysqli::$title
#0 /var/www/html/ci418/app/Views/challenge/registration.php(20): CodeIgniter\Debug\Exceptions->errorHandler()
#1 /var/www/html/ci418/system/View/View.php(210): include('...')
#2 /var/www/html/ci418/system/View/View.php(213): CodeIgniter\View\View->CodeIgniter\View\{closure}()
#3 /var/www/html/ci418/system/Common.php(1089): CodeIgniter\View\View->render()
#4 /var/www/html/ci418/app/Controllers/Challenge.php(136): view()
#5 /var/www/html/ci418/system/CodeIgniter.php(825): App\Controllers\Challenge->basicForm()
#6 /var/www/html/ci418/system/CodeIgniter.php(412): CodeIgniter\CodeIgniter->runController()
#7 /var/www/html/ci418/system/CodeIgniter.php(320): CodeIgniter\CodeIgniter->handleRequest()
#8 /var/www/html/ci418/public/index.php(38): CodeIgniter\CodeIgniter->run()
#9 /var/www/html/ci418/system/Commands/Server/rewrite.php(43): require_once('...')
#10 {main}
CRITICAL - 2022-02-14 01:38:35 --> Undefined property: mysqli::$title
#0 /var/www/html/ci418/app/Views/challenge/registration.php(20): CodeIgniter\Debug\Exceptions->errorHandler()
#1 /var/www/html/ci418/system/View/View.php(210): include('...')
#2 /var/www/html/ci418/system/View/View.php(213): CodeIgniter\View\View->CodeIgniter\View\{closure}()
#3 /var/www/html/ci418/system/Common.php(1089): CodeIgniter\View\View->render()
#4 /var/www/html/ci418/app/Controllers/Challenge.php(136): view()
#5 /var/www/html/ci418/system/CodeIgniter.php(825): App\Controllers\Challenge->basicForm()
#6 /var/www/html/ci418/system/CodeIgniter.php(412): CodeIgniter\CodeIgniter->runController()
#7 /var/www/html/ci418/system/CodeIgniter.php(320): CodeIgniter\CodeIgniter->handleRequest()
#8 /var/www/html/ci418/public/index.php(38): CodeIgniter\CodeIgniter->run()
#9 /var/www/html/ci418/system/Commands/Server/rewrite.php(43): require_once('...')
#10 {main}
CRITICAL - 2022-02-14 01:44:00 --> There is no data to update.
#0 /var/www/html/ci418/system/BaseModel.php(1574): CodeIgniter\Database\Exceptions\DataException::forEmptyDataset()
#1 /var/www/html/ci418/system/BaseModel.php(832): CodeIgniter\BaseModel->transformDataToArray()
#2 /var/www/html/ci418/system/Model.php(651): CodeIgniter\BaseModel->update()
#3 /var/www/html/ci418/app/Controllers/Challenge.php(146): CodeIgniter\Model->update()
#4 /var/www/html/ci418/system/CodeIgniter.php(825): App\Controllers\Challenge->updateBasic()
#5 /var/www/html/ci418/system/CodeIgniter.php(412): CodeIgniter\CodeIgniter->runController()
#6 /var/www/html/ci418/system/CodeIgniter.php(320): CodeIgniter\CodeIgniter->handleRequest()
#7 /var/www/html/ci418/public/index.php(38): CodeIgniter\CodeIgniter->run()
#8 /var/www/html/ci418/system/Commands/Server/rewrite.php(43): require_once('...')
#9 {main}
ERROR - 2022-02-14 01:44:57 --> Unknown column 'basicinfo.deleted_at' in 'where clause'
CRITICAL - 2022-02-14 01:44:57 --> Unknown column 'basicinfo.deleted_at' in 'where clause'
#0 /var/www/html/ci418/system/Database/MySQLi/Connection.php(292): mysqli->query()
#1 /var/www/html/ci418/system/Database/BaseConnection.php(670): CodeIgniter\Database\MySQLi\Connection->execute()
#2 /var/www/html/ci418/system/Database/BaseConnection.php(598): CodeIgniter\Database\BaseConnection->simpleQuery()
#3 /var/www/html/ci418/system/Database/BaseBuilder.php(1455): CodeIgniter\Database\BaseConnection->query()
#4 /var/www/html/ci418/system/Model.php(142): CodeIgniter\Database\BaseBuilder->get()
#5 /var/www/html/ci418/system/BaseModel.php(523): CodeIgniter\Model->doFind()
#6 /var/www/html/ci418/app/Controllers/Challenge.php(135): CodeIgniter\BaseModel->find()
#7 /var/www/html/ci418/system/CodeIgniter.php(825): App\Controllers\Challenge->basicForm()
#8 /var/www/html/ci418/system/CodeIgniter.php(412): CodeIgniter\CodeIgniter->runController()
#9 /var/www/html/ci418/system/CodeIgniter.php(320): CodeIgniter\CodeIgniter->handleRequest()
#10 /var/www/html/ci418/public/index.php(38): CodeIgniter\CodeIgniter->run()
#11 /var/www/html/ci418/system/Commands/Server/rewrite.php(43): require_once('...')
#12 {main}
CRITICAL - 2022-02-14 02:09:21 --> syntax error, unexpected token ";", expecting "]"
#0 /var/www/html/ci418/system/Router/Router.php(175): CodeIgniter\Router\Router->autoRoute()
#1 /var/www/html/ci418/system/CodeIgniter.php(719): CodeIgniter\Router\Router->handle()
#2 /var/www/html/ci418/system/CodeIgniter.php(361): CodeIgniter\CodeIgniter->tryToRouteIt()
#3 /var/www/html/ci418/system/CodeIgniter.php(320): CodeIgniter\CodeIgniter->handleRequest()
#4 /var/www/html/ci418/public/index.php(38): CodeIgniter\CodeIgniter->run()
#5 /var/www/html/ci418/system/Commands/Server/rewrite.php(43): require_once('...')
#6 {main}
CRITICAL - 2022-02-14 02:12:21 --> Unclosed '(' on line 65 does not match ']'
#0 /var/www/html/ci418/system/Router/Router.php(175): CodeIgniter\Router\Router->autoRoute()
#1 /var/www/html/ci418/system/CodeIgniter.php(719): CodeIgniter\Router\Router->handle()
#2 /var/www/html/ci418/system/CodeIgniter.php(361): CodeIgniter\CodeIgniter->tryToRouteIt()
#3 /var/www/html/ci418/system/CodeIgniter.php(320): CodeIgniter\CodeIgniter->handleRequest()
#4 /var/www/html/ci418/public/index.php(38): CodeIgniter\CodeIgniter->run()
#5 /var/www/html/ci418/system/Commands/Server/rewrite.php(43): require_once('...')
#6 {main}
CRITICAL - 2022-02-14 02:12:47 --> htmlspecialchars(): Argument #1 ($string) must be of type string, null given
#0 /var/www/html/ci418/app/Controllers/Challenge.php(79): htmlspecialchars()
#1 /var/www/html/ci418/system/CodeIgniter.php(825): App\Controllers\Challenge->insertBasic()
#2 /var/www/html/ci418/system/CodeIgniter.php(412): CodeIgniter\CodeIgniter->runController()
#3 /var/www/html/ci418/system/CodeIgniter.php(320): CodeIgniter\CodeIgniter->handleRequest()
#4 /var/www/html/ci418/public/index.php(38): CodeIgniter\CodeIgniter->run()
#5 /var/www/html/ci418/system/Commands/Server/rewrite.php(43): require_once('...')
#6 {main}
CRITICAL - 2022-02-14 02:13:40 --> Undefined variable $files
#0 /var/www/html/ci418/app/Controllers/Challenge.php(83): CodeIgniter\Debug\Exceptions->errorHandler()
#1 /var/www/html/ci418/system/CodeIgniter.php(825): App\Controllers\Challenge->insertBasic()
#2 /var/www/html/ci418/system/CodeIgniter.php(412): CodeIgniter\CodeIgniter->runController()
#3 /var/www/html/ci418/system/CodeIgniter.php(320): CodeIgniter\CodeIgniter->handleRequest()
#4 /var/www/html/ci418/public/index.php(38): CodeIgniter\CodeIgniter->run()
#5 /var/www/html/ci418/system/Commands/Server/rewrite.php(43): require_once('...')
#6 {main}
CRITICAL - 2022-02-14 02:16:51 --> Undefined variable $request
#0 /var/www/html/ci418/app/Controllers/Challenge.php(83): CodeIgniter\Debug\Exceptions->errorHandler()
#1 /var/www/html/ci418/system/CodeIgniter.php(825): App\Controllers\Challenge->insertBasic()
#2 /var/www/html/ci418/system/CodeIgniter.php(412): CodeIgniter\CodeIgniter->runController()
#3 /var/www/html/ci418/system/CodeIgniter.php(320): CodeIgniter\CodeIgniter->handleRequest()
#4 /var/www/html/ci418/public/index.php(38): CodeIgniter\CodeIgniter->run()
#5 /var/www/html/ci418/system/Commands/Server/rewrite.php(43): require_once('...')
#6 {main}
CRITICAL - 2022-02-14 02:17:08 --> Call to a member function hasFile() on array
#0 /var/www/html/ci418/system/CodeIgniter.php(825): App\Controllers\Challenge->insertBasic()
#1 /var/www/html/ci418/system/CodeIgniter.php(412): CodeIgniter\CodeIgniter->runController()
#2 /var/www/html/ci418/system/CodeIgniter.php(320): CodeIgniter\CodeIgniter->handleRequest()
#3 /var/www/html/ci418/public/index.php(38): CodeIgniter\CodeIgniter->run()
#4 /var/www/html/ci418/system/Commands/Server/rewrite.php(43): require_once('...')
#5 {main}
CRITICAL - 2022-02-14 02:35:37 --> Call to a member function isValid() on null
#0 /var/www/html/ci418/system/CodeIgniter.php(825): App\Controllers\Challenge->insertBasic()
#1 /var/www/html/ci418/system/CodeIgniter.php(412): CodeIgniter\CodeIgniter->runController()
#2 /var/www/html/ci418/system/CodeIgniter.php(320): CodeIgniter\CodeIgniter->handleRequest()
#3 /var/www/html/ci418/public/index.php(38): CodeIgniter\CodeIgniter->run()
#4 /var/www/html/ci418/system/Commands/Server/rewrite.php(43): require_once('...')
#5 {main}
CRITICAL - 2022-02-14 02:35:52 --> Call to a member function isValid() on null
#0 /var/www/html/ci418/system/CodeIgniter.php(825): App\Controllers\Challenge->insertBasic()
#1 /var/www/html/ci418/system/CodeIgniter.php(412): CodeIgniter\CodeIgniter->runController()
#2 /var/www/html/ci418/system/CodeIgniter.php(320): CodeIgniter\CodeIgniter->handleRequest()
#3 /var/www/html/ci418/public/index.php(38): CodeIgniter\CodeIgniter->run()
#4 /var/www/html/ci418/system/Commands/Server/rewrite.php(43): require_once('...')
#5 {main}
CRITICAL - 2022-02-14 02:36:23 --> Call to a member function isValid() on null
#0 /var/www/html/ci418/system/CodeIgniter.php(825): App\Controllers\Challenge->insertBasic()
#1 /var/www/html/ci418/system/CodeIgniter.php(412): CodeIgniter\CodeIgniter->runController()
#2 /var/www/html/ci418/system/CodeIgniter.php(320): CodeIgniter\CodeIgniter->handleRequest()
#3 /var/www/html/ci418/public/index.php(38): CodeIgniter\CodeIgniter->run()
#4 /var/www/html/ci418/system/Commands/Server/rewrite.php(43): require_once('...')
#5 {main}
CRITICAL - 2022-02-14 02:39:56 --> Call to a member function isValid() on null
#0 /var/www/html/ci418/system/CodeIgniter.php(825): App\Controllers\Challenge->insertBasic()
#1 /var/www/html/ci418/system/CodeIgniter.php(412): CodeIgniter\CodeIgniter->runController()
#2 /var/www/html/ci418/system/CodeIgniter.php(320): CodeIgniter\CodeIgniter->handleRequest()
#3 /var/www/html/ci418/public/index.php(38): CodeIgniter\CodeIgniter->run()
#4 /var/www/html/ci418/system/Commands/Server/rewrite.php(43): require_once('...')
#5 {main}
CRITICAL - 2022-02-14 03:02:41 --> syntax error, unexpected token "else"
#0 /var/www/html/ci418/system/Router/Router.php(175): CodeIgniter\Router\Router->autoRoute()
#1 /var/www/html/ci418/system/CodeIgniter.php(719): CodeIgniter\Router\Router->handle()
#2 /var/www/html/ci418/system/CodeIgniter.php(361): CodeIgniter\CodeIgniter->tryToRouteIt()
#3 /var/www/html/ci418/system/CodeIgniter.php(320): CodeIgniter\CodeIgniter->handleRequest()
#4 /var/www/html/ci418/public/index.php(38): CodeIgniter\CodeIgniter->run()
#5 /var/www/html/ci418/system/Commands/Server/rewrite.php(43): require_once('...')
#6 {main}
CRITICAL - 2022-02-14 03:03:33 -->  is not a valid rule.
#0 /var/www/html/ci418/system/Validation/Validation.php(300): CodeIgniter\Validation\Exceptions\ValidationException::forRuleNotFound()
#1 /var/www/html/ci418/system/Validation/Validation.php(157): CodeIgniter\Validation\Validation->processRules()
#2 /var/www/html/ci418/system/Controller.php(160): CodeIgniter\Validation\Validation->run()
#3 /var/www/html/ci418/app/Controllers/Challenge.php(67): CodeIgniter\Controller->validate()
#4 /var/www/html/ci418/system/CodeIgniter.php(825): App\Controllers\Challenge->insertBasic()
#5 /var/www/html/ci418/system/CodeIgniter.php(412): CodeIgniter\CodeIgniter->runController()
#6 /var/www/html/ci418/system/CodeIgniter.php(320): CodeIgniter\CodeIgniter->handleRequest()
#7 /var/www/html/ci418/public/index.php(38): CodeIgniter\CodeIgniter->run()
#8 /var/www/html/ci418/system/Commands/Server/rewrite.php(43): require_once('...')
#9 {main}
CRITICAL - 2022-02-14 03:03:45 -->  is not a valid rule.
#0 /var/www/html/ci418/system/Validation/Validation.php(300): CodeIgniter\Validation\Exceptions\ValidationException::forRuleNotFound()
#1 /var/www/html/ci418/system/Validation/Validation.php(157): CodeIgniter\Validation\Validation->processRules()
#2 /var/www/html/ci418/system/Controller.php(160): CodeIgniter\Validation\Validation->run()
#3 /var/www/html/ci418/app/Controllers/Challenge.php(67): CodeIgniter\Controller->validate()
#4 /var/www/html/ci418/system/CodeIgniter.php(825): App\Controllers\Challenge->insertBasic()
#5 /var/www/html/ci418/system/CodeIgniter.php(412): CodeIgniter\CodeIgniter->runController()
#6 /var/www/html/ci418/system/CodeIgniter.php(320): CodeIgniter\CodeIgniter->handleRequest()
#7 /var/www/html/ci418/public/index.php(38): CodeIgniter\CodeIgniter->run()
#8 /var/www/html/ci418/system/Commands/Server/rewrite.php(43): require_once('...')
#9 {main}
CRITICAL - 2022-02-14 03:04:05 -->  is not a valid rule.
#0 /var/www/html/ci418/system/Validation/Validation.php(300): CodeIgniter\Validation\Exceptions\ValidationException::forRuleNotFound()
#1 /var/www/html/ci418/system/Validation/Validation.php(157): CodeIgniter\Validation\Validation->processRules()
#2 /var/www/html/ci418/system/Controller.php(160): CodeIgniter\Validation\Validation->run()
#3 /var/www/html/ci418/app/Controllers/Challenge.php(67): CodeIgniter\Controller->validate()
#4 /var/www/html/ci418/system/CodeIgniter.php(825): App\Controllers\Challenge->insertBasic()
#5 /var/www/html/ci418/system/CodeIgniter.php(412): CodeIgniter\CodeIgniter->runController()
#6 /var/www/html/ci418/system/CodeIgniter.php(320): CodeIgniter\CodeIgniter->handleRequest()
#7 /var/www/html/ci418/public/index.php(38): CodeIgniter\CodeIgniter->run()
#8 /var/www/html/ci418/system/Commands/Server/rewrite.php(43): require_once('...')
#9 {main}
CRITICAL - 2022-02-14 03:06:07 --> htmlspecialchars(): Argument #1 ($string) must be of type string, null given
#0 /var/www/html/ci418/app/Controllers/Challenge.php(79): htmlspecialchars()
#1 /var/www/html/ci418/system/CodeIgniter.php(825): App\Controllers\Challenge->insertBasic()
#2 /var/www/html/ci418/system/CodeIgniter.php(412): CodeIgniter\CodeIgniter->runController()
#3 /var/www/html/ci418/system/CodeIgniter.php(320): CodeIgniter\CodeIgniter->handleRequest()
#4 /var/www/html/ci418/public/index.php(38): CodeIgniter\CodeIgniter->run()
#5 /var/www/html/ci418/system/Commands/Server/rewrite.php(43): require_once('...')
#6 {main}
